[2021-04-14T13:34:14.379] [INFO] access - ::1 - - "GET / HTTP/1.1" 200 1148 "" "Mozilla/5.0 (Windows NT 10.0; Win64; x64) AppleWebKit/537.36 (KHTML, like Gecko) Chrome/89.0.4389.114 Safari/537.36"
[2021-04-14T13:34:14.717] [INFO] access - ::1 - - "GET /styles/common/style.css HTTP/1.1" 200 693 "http://localhost:3000/" "Mozilla/5.0 (Windows NT 10.0; Win64; x64) AppleWebKit/537.36 (KHTML, like Gecko) Chrome/89.0.4389.114 Safari/537.36"
[2021-04-14T13:34:14.719] [INFO] access - ::1 - - "GET /styles/home/index.css HTTP/1.1" 200 909 "http://localhost:3000/" "Mozilla/5.0 (Windows NT 10.0; Win64; x64) AppleWebKit/537.36 (KHTML, like Gecko) Chrome/89.0.4389.114 Safari/537.36"
[2021-04-14T13:34:14.720] [INFO] access - ::1 - - "GET /styles/bin/bootstrap-table.min.css HTTP/1.1" 200 9231 "http://localhost:3000/" "Mozilla/5.0 (Windows NT 10.0; Win64; x64) AppleWebKit/537.36 (KHTML, like Gecko) Chrome/89.0.4389.114 Safari/537.36"
[2021-04-14T13:34:14.720] [INFO] access - ::1 - - "GET /styles/bin/bootstrap.min.css HTTP/1.1" 200 161409 "http://localhost:3000/" "Mozilla/5.0 (Windows NT 10.0; Win64; x64) AppleWebKit/537.36 (KHTML, like Gecko) Chrome/89.0.4389.114 Safari/537.36"
[2021-04-14T13:34:14.721] [INFO] access - ::1 - - "GET /styles/bin/bootstrapValidator.min.css HTTP/1.1" 200 694 "http://localhost:3000/" "Mozilla/5.0 (Windows NT 10.0; Win64; x64) AppleWebKit/537.36 (KHTML, like Gecko) Chrome/89.0.4389.114 Safari/537.36"
[2021-04-14T13:34:14.723] [INFO] access - ::1 - - "GET /js/bin/jquery.min.js HTTP/1.1" 200 89501 "http://localhost:3000/" "Mozilla/5.0 (Windows NT 10.0; Win64; x64) AppleWebKit/537.36 (KHTML, like Gecko) Chrome/89.0.4389.114 Safari/537.36"
[2021-04-14T13:34:14.895] [INFO] access - ::1 - - "GET /js/bin/bootstrap.min.js HTTP/1.1" 200 63467 "http://localhost:3000/" "Mozilla/5.0 (Windows NT 10.0; Win64; x64) AppleWebKit/537.36 (KHTML, like Gecko) Chrome/89.0.4389.114 Safari/537.36"
[2021-04-14T13:34:14.910] [INFO] access - ::1 - - "GET /js/bin/bootstrap-table.min.js HTTP/1.1" 200 120705 "http://localhost:3000/" "Mozilla/5.0 (Windows NT 10.0; Win64; x64) AppleWebKit/537.36 (KHTML, like Gecko) Chrome/89.0.4389.114 Safari/537.36"
[2021-04-14T13:34:14.911] [INFO] access - ::1 - - "GET /js//bin/bootstrapValidator.min.js HTTP/1.1" 200 110933 "http://localhost:3000/" "Mozilla/5.0 (Windows NT 10.0; Win64; x64) AppleWebKit/537.36 (KHTML, like Gecko) Chrome/89.0.4389.114 Safari/537.36"
[2021-04-14T13:34:14.912] [INFO] access - ::1 - - "GET /js/utils/rem.js HTTP/1.1" 200 1173 "http://localhost:3000/" "Mozilla/5.0 (Windows NT 10.0; Win64; x64) AppleWebKit/537.36 (KHTML, like Gecko) Chrome/89.0.4389.114 Safari/537.36"
[2021-04-14T13:34:15.527] [INFO] access - ::1 - - "GET /favicon.ico HTTP/1.1" 404 - "http://localhost:3000/" "Mozilla/5.0 (Windows NT 10.0; Win64; x64) AppleWebKit/537.36 (KHTML, like Gecko) Chrome/89.0.4389.114 Safari/537.36"
[2021-04-14T13:52:16.248] [INFO] access - ::1 - - "GET / HTTP/1.1" 200 1148 "" "Mozilla/5.0 (Windows NT 10.0; Win64; x64) AppleWebKit/537.36 (KHTML, like Gecko) Chrome/89.0.4389.114 Safari/537.36"
[2021-04-14T13:52:16.335] [INFO] access - ::1 - - "GET /styles/common/style.css HTTP/1.1" 200 693 "http://localhost:3000/" "Mozilla/5.0 (Windows NT 10.0; Win64; x64) AppleWebKit/537.36 (KHTML, like Gecko) Chrome/89.0.4389.114 Safari/537.36"
[2021-04-14T13:52:16.342] [INFO] access - ::1 - - "GET /styles/home/index.css HTTP/1.1" 200 909 "http://localhost:3000/" "Mozilla/5.0 (Windows NT 10.0; Win64; x64) AppleWebKit/537.36 (KHTML, like Gecko) Chrome/89.0.4389.114 Safari/537.36"
[2021-04-14T13:52:16.344] [INFO] access - ::1 - - "GET /styles/bin/bootstrap.min.css HTTP/1.1" 200 161409 "http://localhost:3000/" "Mozilla/5.0 (Windows NT 10.0; Win64; x64) AppleWebKit/537.36 (KHTML, like Gecko) Chrome/89.0.4389.114 Safari/537.36"
[2021-04-14T13:52:16.380] [INFO] access - ::1 - - "GET /js/bin/jquery.min.js HTTP/1.1" 200 89501 "http://localhost:3000/" "Mozilla/5.0 (Windows NT 10.0; Win64; x64) AppleWebKit/537.36 (KHTML, like Gecko) Chrome/89.0.4389.114 Safari/537.36"
[2021-04-14T13:52:16.383] [INFO] access - ::1 - - "GET /styles/bin/bootstrap-table.min.css HTTP/1.1" 200 9231 "http://localhost:3000/" "Mozilla/5.0 (Windows NT 10.0; Win64; x64) AppleWebKit/537.36 (KHTML, like Gecko) Chrome/89.0.4389.114 Safari/537.36"
[2021-04-14T13:52:16.391] [INFO] access - ::1 - - "GET /js/bin/bootstrap.min.js HTTP/1.1" 200 63467 "http://localhost:3000/" "Mozilla/5.0 (Windows NT 10.0; Win64; x64) AppleWebKit/537.36 (KHTML, like Gecko) Chrome/89.0.4389.114 Safari/537.36"
[2021-04-14T13:52:16.393] [INFO] access - ::1 - - "GET /styles/bin/bootstrapValidator.min.css HTTP/1.1" 200 694 "http://localhost:3000/" "Mozilla/5.0 (Windows NT 10.0; Win64; x64) AppleWebKit/537.36 (KHTML, like Gecko) Chrome/89.0.4389.114 Safari/537.36"
[2021-04-14T13:52:16.394] [INFO] access - ::1 - - "GET /js/bin/bootstrap-table.min.js HTTP/1.1" 200 120705 "http://localhost:3000/" "Mozilla/5.0 (Windows NT 10.0; Win64; x64) AppleWebKit/537.36 (KHTML, like Gecko) Chrome/89.0.4389.114 Safari/537.36"
[2021-04-14T13:52:16.434] [INFO] access - ::1 - - "GET /js//bin/bootstrapValidator.min.js HTTP/1.1" 200 110933 "http://localhost:3000/" "Mozilla/5.0 (Windows NT 10.0; Win64; x64) AppleWebKit/537.36 (KHTML, like Gecko) Chrome/89.0.4389.114 Safari/537.36"
[2021-04-14T13:52:16.510] [INFO] access - ::1 - - "GET /js/utils/rem.js HTTP/1.1" 200 1173 "http://localhost:3000/" "Mozilla/5.0 (Windows NT 10.0; Win64; x64) AppleWebKit/537.36 (KHTML, like Gecko) Chrome/89.0.4389.114 Safari/537.36"
[2021-04-14T14:00:23.153] [INFO] access - ::1 - - "GET / HTTP/1.1" 200 1148 "" "Mozilla/5.0 (Windows NT 10.0; Win64; x64) AppleWebKit/537.36 (KHTML, like Gecko) Chrome/89.0.4389.114 Safari/537.36"
[2021-04-14T14:00:23.220] [INFO] access - ::1 - - "GET /styles/common/style.css HTTP/1.1" 200 693 "http://localhost:3000/" "Mozilla/5.0 (Windows NT 10.0; Win64; x64) AppleWebKit/537.36 (KHTML, like Gecko) Chrome/89.0.4389.114 Safari/537.36"
[2021-04-14T14:00:23.221] [INFO] access - ::1 - - "GET /styles/bin/bootstrap.min.css HTTP/1.1" 200 161409 "http://localhost:3000/" "Mozilla/5.0 (Windows NT 10.0; Win64; x64) AppleWebKit/537.36 (KHTML, like Gecko) Chrome/89.0.4389.114 Safari/537.36"
[2021-04-14T14:00:23.222] [INFO] access - ::1 - - "GET /styles/bin/bootstrap-table.min.css HTTP/1.1" 200 9231 "http://localhost:3000/" "Mozilla/5.0 (Windows NT 10.0; Win64; x64) AppleWebKit/537.36 (KHTML, like Gecko) Chrome/89.0.4389.114 Safari/537.36"
[2021-04-14T14:00:23.222] [INFO] access - ::1 - - "GET /styles/bin/bootstrapValidator.min.css HTTP/1.1" 200 694 "http://localhost:3000/" "Mozilla/5.0 (Windows NT 10.0; Win64; x64) AppleWebKit/537.36 (KHTML, like Gecko) Chrome/89.0.4389.114 Safari/537.36"
[2021-04-14T14:00:23.225] [INFO] access - ::1 - - "GET /styles/home/index.css HTTP/1.1" 200 909 "http://localhost:3000/" "Mozilla/5.0 (Windows NT 10.0; Win64; x64) AppleWebKit/537.36 (KHTML, like Gecko) Chrome/89.0.4389.114 Safari/537.36"
[2021-04-14T14:00:23.226] [INFO] access - ::1 - - "GET /js/bin/jquery.min.js HTTP/1.1" 200 89501 "http://localhost:3000/" "Mozilla/5.0 (Windows NT 10.0; Win64; x64) AppleWebKit/537.36 (KHTML, like Gecko) Chrome/89.0.4389.114 Safari/537.36"
[2021-04-14T14:00:23.284] [INFO] access - ::1 - - "GET /js/bin/bootstrap.min.js HTTP/1.1" 200 63467 "http://localhost:3000/" "Mozilla/5.0 (Windows NT 10.0; Win64; x64) AppleWebKit/537.36 (KHTML, like Gecko) Chrome/89.0.4389.114 Safari/537.36"
[2021-04-14T14:00:23.304] [INFO] access - ::1 - - "GET /js/bin/bootstrap-table.min.js HTTP/1.1" 200 120705 "http://localhost:3000/" "Mozilla/5.0 (Windows NT 10.0; Win64; x64) AppleWebKit/537.36 (KHTML, like Gecko) Chrome/89.0.4389.114 Safari/537.36"
[2021-04-14T14:00:23.311] [INFO] access - ::1 - - "GET /js//bin/bootstrapValidator.min.js HTTP/1.1" 200 110933 "http://localhost:3000/" "Mozilla/5.0 (Windows NT 10.0; Win64; x64) AppleWebKit/537.36 (KHTML, like Gecko) Chrome/89.0.4389.114 Safari/537.36"
[2021-04-14T14:00:23.313] [INFO] access - ::1 - - "GET /js/utils/rem.js HTTP/1.1" 200 1173 "http://localhost:3000/" "Mozilla/5.0 (Windows NT 10.0; Win64; x64) AppleWebKit/537.36 (KHTML, like Gecko) Chrome/89.0.4389.114 Safari/537.36"
[2021-04-14T14:00:42.277] [INFO] access - ::1 - - "GET / HTTP/1.1" 200 1159 "" "Mozilla/5.0 (Windows NT 10.0; Win64; x64) AppleWebKit/537.36 (KHTML, like Gecko) Chrome/89.0.4389.114 Safari/537.36"
[2021-04-14T14:00:42.408] [INFO] access - ::1 - - "GET /styles/common/style.css HTTP/1.1" 200 693 "http://localhost:3000/" "Mozilla/5.0 (Windows NT 10.0; Win64; x64) AppleWebKit/537.36 (KHTML, like Gecko) Chrome/89.0.4389.114 Safari/537.36"
[2021-04-14T14:00:42.410] [INFO] access - ::1 - - "GET /styles/bin/bootstrap.min.css HTTP/1.1" 200 161409 "http://localhost:3000/" "Mozilla/5.0 (Windows NT 10.0; Win64; x64) AppleWebKit/537.36 (KHTML, like Gecko) Chrome/89.0.4389.114 Safari/537.36"
[2021-04-14T14:00:42.410] [INFO] access - ::1 - - "GET /styles/bin/bootstrap-table.min.css HTTP/1.1" 200 9231 "http://localhost:3000/" "Mozilla/5.0 (Windows NT 10.0; Win64; x64) AppleWebKit/537.36 (KHTML, like Gecko) Chrome/89.0.4389.114 Safari/537.36"
[2021-04-14T14:00:42.411] [INFO] access - ::1 - - "GET /styles/bin/bootstrapValidator.min.css HTTP/1.1" 200 694 "http://localhost:3000/" "Mozilla/5.0 (Windows NT 10.0; Win64; x64) AppleWebKit/537.36 (KHTML, like Gecko) Chrome/89.0.4389.114 Safari/537.36"
[2021-04-14T14:00:42.411] [INFO] access - ::1 - - "GET /js/bin/jquery.min.js HTTP/1.1" 200 89501 "http://localhost:3000/" "Mozilla/5.0 (Windows NT 10.0; Win64; x64) AppleWebKit/537.36 (KHTML, like Gecko) Chrome/89.0.4389.114 Safari/537.36"
[2021-04-14T14:00:42.412] [INFO] access - ::1 - - "GET /styles/home/index.css HTTP/1.1" 200 909 "http://localhost:3000/" "Mozilla/5.0 (Windows NT 10.0; Win64; x64) AppleWebKit/537.36 (KHTML, like Gecko) Chrome/89.0.4389.114 Safari/537.36"
[2021-04-14T14:00:42.461] [INFO] access - ::1 - - "GET /js/bin/bootstrap.min.js HTTP/1.1" 200 63467 "http://localhost:3000/" "Mozilla/5.0 (Windows NT 10.0; Win64; x64) AppleWebKit/537.36 (KHTML, like Gecko) Chrome/89.0.4389.114 Safari/537.36"
[2021-04-14T14:00:42.462] [INFO] access - ::1 - - "GET /js/bin/bootstrap-table.min.js HTTP/1.1" 200 120705 "http://localhost:3000/" "Mozilla/5.0 (Windows NT 10.0; Win64; x64) AppleWebKit/537.36 (KHTML, like Gecko) Chrome/89.0.4389.114 Safari/537.36"
[2021-04-14T14:00:42.463] [INFO] access - ::1 - - "GET /js//bin/bootstrapValidator.min.js HTTP/1.1" 200 110933 "http://localhost:3000/" "Mozilla/5.0 (Windows NT 10.0; Win64; x64) AppleWebKit/537.36 (KHTML, like Gecko) Chrome/89.0.4389.114 Safari/537.36"
[2021-04-14T14:00:42.465] [INFO] access - ::1 - - "GET /js/utils/rem.js HTTP/1.1" 200 1173 "http://localhost:3000/" "Mozilla/5.0 (Windows NT 10.0; Win64; x64) AppleWebKit/537.36 (KHTML, like Gecko) Chrome/89.0.4389.114 Safari/537.36"
[2021-04-14T14:00:45.539] [INFO] access - ::1 - - "GET /styles/home/index.css HTTP/1.1" 200 909 "http://localhost:3000/" "Mozilla/5.0 (Windows NT 10.0; Win64; x64) AppleWebKit/537.36 (KHTML, like Gecko) Chrome/89.0.4389.114 Safari/537.36"
[2021-04-14T14:00:45.540] [INFO] access - ::1 - - "GET /styles/common/style.css HTTP/1.1" 200 693 "http://localhost:3000/" "Mozilla/5.0 (Windows NT 10.0; Win64; x64) AppleWebKit/537.36 (KHTML, like Gecko) Chrome/89.0.4389.114 Safari/537.36"
[2021-04-14T14:00:45.540] [INFO] access - ::1 - - "GET /styles/bin/bootstrap.min.css HTTP/1.1" 200 161409 "http://localhost:3000/" "Mozilla/5.0 (Windows NT 10.0; Win64; x64) AppleWebKit/537.36 (KHTML, like Gecko) Chrome/89.0.4389.114 Safari/537.36"
[2021-04-14T14:00:45.541] [INFO] access - ::1 - - "GET /styles/bin/bootstrap-table.min.css HTTP/1.1" 200 9231 "http://localhost:3000/" "Mozilla/5.0 (Windows NT 10.0; Win64; x64) AppleWebKit/537.36 (KHTML, like Gecko) Chrome/89.0.4389.114 Safari/537.36"
[2021-04-14T14:00:45.541] [INFO] access - ::1 - - "GET /styles/bin/bootstrapValidator.min.css HTTP/1.1" 200 694 "http://localhost:3000/" "Mozilla/5.0 (Windows NT 10.0; Win64; x64) AppleWebKit/537.36 (KHTML, like Gecko) Chrome/89.0.4389.114 Safari/537.36"
[2021-04-14T14:00:45.622] [INFO] access - ::1 - - "GET /js/bin/bootstrap.min.js.map HTTP/1.1" 404 - "" "Mozilla/5.0 (Windows NT 10.0; Win64; x64) AppleWebKit/537.36 (KHTML, like Gecko) Chrome/89.0.4389.114 Safari/537.36"
[2021-04-14T14:00:45.758] [INFO] access - ::1 - - "GET /styles/bin/bootstrap.min.css.map HTTP/1.1" 404 - "" "Mozilla/5.0 (Windows NT 10.0; Win64; x64) AppleWebKit/537.36 (KHTML, like Gecko) Chrome/89.0.4389.114 Safari/537.36"
[2021-04-14T14:10:18.438] [INFO] access - ::1 - - "GET / HTTP/1.1" 200 1170 "" "Mozilla/5.0 (Windows NT 10.0; Win64; x64) AppleWebKit/537.36 (KHTML, like Gecko) Chrome/89.0.4389.114 Safari/537.36"
[2021-04-14T14:10:18.533] [INFO] access - ::1 - - "GET /styles/common/style.css HTTP/1.1" 200 693 "http://localhost:3000/" "Mozilla/5.0 (Windows NT 10.0; Win64; x64) AppleWebKit/537.36 (KHTML, like Gecko) Chrome/89.0.4389.114 Safari/537.36"
[2021-04-14T14:10:18.726] [INFO] access - ::1 - - "GET /styles/bin/bootstrapValidator.min.css HTTP/1.1" 200 694 "http://localhost:3000/" "Mozilla/5.0 (Windows NT 10.0; Win64; x64) AppleWebKit/537.36 (KHTML, like Gecko) Chrome/89.0.4389.114 Safari/537.36"
[2021-04-14T14:10:18.728] [INFO] access - ::1 - - "GET /styles/bin/bootstrap.min.css HTTP/1.1" 200 161409 "http://localhost:3000/" "Mozilla/5.0 (Windows NT 10.0; Win64; x64) AppleWebKit/537.36 (KHTML, like Gecko) Chrome/89.0.4389.114 Safari/537.36"
[2021-04-14T14:10:18.729] [INFO] access - ::1 - - "GET /styles/bin/bootstrap-table.min.css HTTP/1.1" 200 9231 "http://localhost:3000/" "Mozilla/5.0 (Windows NT 10.0; Win64; x64) AppleWebKit/537.36 (KHTML, like Gecko) Chrome/89.0.4389.114 Safari/537.36"
[2021-04-14T14:10:18.730] [INFO] access - ::1 - - "GET /js/bin/jquery.min.js HTTP/1.1" 200 89501 "http://localhost:3000/" "Mozilla/5.0 (Windows NT 10.0; Win64; x64) AppleWebKit/537.36 (KHTML, like Gecko) Chrome/89.0.4389.114 Safari/537.36"
[2021-04-14T14:10:18.732] [INFO] access - ::1 - - "GET /js/bin/bootstrap.min.js HTTP/1.1" 200 63467 "http://localhost:3000/" "Mozilla/5.0 (Windows NT 10.0; Win64; x64) AppleWebKit/537.36 (KHTML, like Gecko) Chrome/89.0.4389.114 Safari/537.36"
[2021-04-14T14:10:18.735] [INFO] access - ::1 - - "GET /styles/home/index.css HTTP/1.1" 200 909 "http://localhost:3000/" "Mozilla/5.0 (Windows NT 10.0; Win64; x64) AppleWebKit/537.36 (KHTML, like Gecko) Chrome/89.0.4389.114 Safari/537.36"
[2021-04-14T14:10:18.803] [INFO] access - ::1 - - "GET /js/bin/bootstrap-table.min.js HTTP/1.1" 200 120705 "http://localhost:3000/" "Mozilla/5.0 (Windows NT 10.0; Win64; x64) AppleWebKit/537.36 (KHTML, like Gecko) Chrome/89.0.4389.114 Safari/537.36"
[2021-04-14T14:10:18.804] [INFO] access - ::1 - - "GET /js//bin/bootstrapValidator.min.js HTTP/1.1" 200 110933 "http://localhost:3000/" "Mozilla/5.0 (Windows NT 10.0; Win64; x64) AppleWebKit/537.36 (KHTML, like Gecko) Chrome/89.0.4389.114 Safari/537.36"
[2021-04-14T14:10:18.816] [INFO] access - ::1 - - "GET /js/utils/rem.js HTTP/1.1" 200 1173 "http://localhost:3000/" "Mozilla/5.0 (Windows NT 10.0; Win64; x64) AppleWebKit/537.36 (KHTML, like Gecko) Chrome/89.0.4389.114 Safari/537.36"
[2021-04-14T14:10:19.084] [INFO] access - ::1 - - "GET /js/bin/bootstrap.min.js.map HTTP/1.1" 404 - "" "Mozilla/5.0 (Windows NT 10.0; Win64; x64) AppleWebKit/537.36 (KHTML, like Gecko) Chrome/89.0.4389.114 Safari/537.36"
[2021-04-14T14:10:19.103] [INFO] access - ::1 - - "GET /styles/bin/bootstrap.min.css.map HTTP/1.1" 404 - "" "Mozilla/5.0 (Windows NT 10.0; Win64; x64) AppleWebKit/537.36 (KHTML, like Gecko) Chrome/89.0.4389.114 Safari/537.36"
[2021-04-14T14:10:37.676] [INFO] access - ::1 - - "GET / HTTP/1.1" 200 1171 "" "Mozilla/5.0 (Windows NT 10.0; Win64; x64) AppleWebKit/537.36 (KHTML, like Gecko) Chrome/89.0.4389.114 Safari/537.36"
[2021-04-14T14:10:37.777] [INFO] access - ::1 - - "GET /styles/common/style.css HTTP/1.1" 200 693 "http://localhost:3000/" "Mozilla/5.0 (Windows NT 10.0; Win64; x64) AppleWebKit/537.36 (KHTML, like Gecko) Chrome/89.0.4389.114 Safari/537.36"
[2021-04-14T14:10:37.783] [INFO] access - ::1 - - "GET /styles/home/index.css HTTP/1.1" 200 909 "http://localhost:3000/" "Mozilla/5.0 (Windows NT 10.0; Win64; x64) AppleWebKit/537.36 (KHTML, like Gecko) Chrome/89.0.4389.114 Safari/537.36"
[2021-04-14T14:10:37.784] [INFO] access - ::1 - - "GET /styles/bin/bootstrap.min.css HTTP/1.1" 200 161409 "http://localhost:3000/" "Mozilla/5.0 (Windows NT 10.0; Win64; x64) AppleWebKit/537.36 (KHTML, like Gecko) Chrome/89.0.4389.114 Safari/537.36"
[2021-04-14T14:10:37.786] [INFO] access - ::1 - - "GET /styles/bin/bootstrap-table.min.css HTTP/1.1" 200 9231 "http://localhost:3000/" "Mozilla/5.0 (Windows NT 10.0; Win64; x64) AppleWebKit/537.36 (KHTML, like Gecko) Chrome/89.0.4389.114 Safari/537.36"
[2021-04-14T14:10:37.786] [INFO] access - ::1 - - "GET /styles/bin/bootstrapValidator.min.css HTTP/1.1" 200 694 "http://localhost:3000/" "Mozilla/5.0 (Windows NT 10.0; Win64; x64) AppleWebKit/537.36 (KHTML, like Gecko) Chrome/89.0.4389.114 Safari/537.36"
[2021-04-14T14:10:37.787] [INFO] access - ::1 - - "GET /js/bin/jquery.min.js HTTP/1.1" 200 89501 "http://localhost:3000/" "Mozilla/5.0 (Windows NT 10.0; Win64; x64) AppleWebKit/537.36 (KHTML, like Gecko) Chrome/89.0.4389.114 Safari/537.36"
[2021-04-14T14:10:37.835] [INFO] access - ::1 - - "GET /js/bin/bootstrap.min.js HTTP/1.1" 200 63467 "http://localhost:3000/" "Mozilla/5.0 (Windows NT 10.0; Win64; x64) AppleWebKit/537.36 (KHTML, like Gecko) Chrome/89.0.4389.114 Safari/537.36"
[2021-04-14T14:10:37.837] [INFO] access - ::1 - - "GET /js/bin/bootstrap-table.min.js HTTP/1.1" 200 120705 "http://localhost:3000/" "Mozilla/5.0 (Windows NT 10.0; Win64; x64) AppleWebKit/537.36 (KHTML, like Gecko) Chrome/89.0.4389.114 Safari/537.36"
[2021-04-14T14:10:37.849] [INFO] access - ::1 - - "GET /js//bin/bootstrapValidator.min.js HTTP/1.1" 200 110933 "http://localhost:3000/" "Mozilla/5.0 (Windows NT 10.0; Win64; x64) AppleWebKit/537.36 (KHTML, like Gecko) Chrome/89.0.4389.114 Safari/537.36"
[2021-04-14T14:10:37.853] [INFO] access - ::1 - - "GET /js/utils/rem.js HTTP/1.1" 200 1173 "http://localhost:3000/" "Mozilla/5.0 (Windows NT 10.0; Win64; x64) AppleWebKit/537.36 (KHTML, like Gecko) Chrome/89.0.4389.114 Safari/537.36"
[2021-04-14T14:10:37.939] [INFO] access - ::1 - - "GET /js/bin/bootstrap.min.js.map HTTP/1.1" 404 - "" "Mozilla/5.0 (Windows NT 10.0; Win64; x64) AppleWebKit/537.36 (KHTML, like Gecko) Chrome/89.0.4389.114 Safari/537.36"
[2021-04-14T14:10:38.078] [INFO] access - ::1 - - "GET /styles/bin/bootstrap.min.css.map HTTP/1.1" 404 - "" "Mozilla/5.0 (Windows NT 10.0; Win64; x64) AppleWebKit/537.36 (KHTML, like Gecko) Chrome/89.0.4389.114 Safari/537.36"
[2021-04-14T14:11:00.818] [INFO] access - ::1 - - "GET / HTTP/1.1" 200 1171 "" "Mozilla/5.0 (Windows NT 10.0; Win64; x64) AppleWebKit/537.36 (KHTML, like Gecko) Chrome/89.0.4389.114 Safari/537.36"
[2021-04-14T14:11:00.909] [INFO] access - ::1 - - "GET /styles/common/style.css HTTP/1.1" 200 693 "http://localhost:3000/" "Mozilla/5.0 (Windows NT 10.0; Win64; x64) AppleWebKit/537.36 (KHTML, like Gecko) Chrome/89.0.4389.114 Safari/537.36"
[2021-04-14T14:11:00.911] [INFO] access - ::1 - - "GET /styles/home/index.css HTTP/1.1" 200 909 "http://localhost:3000/" "Mozilla/5.0 (Windows NT 10.0; Win64; x64) AppleWebKit/537.36 (KHTML, like Gecko) Chrome/89.0.4389.114 Safari/537.36"
[2021-04-14T14:11:00.911] [INFO] access - ::1 - - "GET /styles/bin/bootstrap.min.css HTTP/1.1" 200 161409 "http://localhost:3000/" "Mozilla/5.0 (Windows NT 10.0; Win64; x64) AppleWebKit/537.36 (KHTML, like Gecko) Chrome/89.0.4389.114 Safari/537.36"
[2021-04-14T14:11:00.914] [INFO] access - ::1 - - "GET /styles/bin/bootstrap-table.min.css HTTP/1.1" 200 9231 "http://localhost:3000/" "Mozilla/5.0 (Windows NT 10.0; Win64; x64) AppleWebKit/537.36 (KHTML, like Gecko) Chrome/89.0.4389.114 Safari/537.36"
[2021-04-14T14:11:00.914] [INFO] access - ::1 - - "GET /styles/bin/bootstrapValidator.min.css HTTP/1.1" 200 694 "http://localhost:3000/" "Mozilla/5.0 (Windows NT 10.0; Win64; x64) AppleWebKit/537.36 (KHTML, like Gecko) Chrome/89.0.4389.114 Safari/537.36"
[2021-04-14T14:11:00.918] [INFO] access - ::1 - - "GET /js/bin/jquery.min.js HTTP/1.1" 200 89501 "http://localhost:3000/" "Mozilla/5.0 (Windows NT 10.0; Win64; x64) AppleWebKit/537.36 (KHTML, like Gecko) Chrome/89.0.4389.114 Safari/537.36"
[2021-04-14T14:11:00.995] [INFO] access - ::1 - - "GET /js/bin/bootstrap.min.js HTTP/1.1" 200 63467 "http://localhost:3000/" "Mozilla/5.0 (Windows NT 10.0; Win64; x64) AppleWebKit/537.36 (KHTML, like Gecko) Chrome/89.0.4389.114 Safari/537.36"
[2021-04-14T14:11:00.996] [INFO] access - ::1 - - "GET /js/bin/bootstrap-table.min.js HTTP/1.1" 200 120705 "http://localhost:3000/" "Mozilla/5.0 (Windows NT 10.0; Win64; x64) AppleWebKit/537.36 (KHTML, like Gecko) Chrome/89.0.4389.114 Safari/537.36"
[2021-04-14T14:11:00.997] [INFO] access - ::1 - - "GET /js//bin/bootstrapValidator.min.js HTTP/1.1" 200 110933 "http://localhost:3000/" "Mozilla/5.0 (Windows NT 10.0; Win64; x64) AppleWebKit/537.36 (KHTML, like Gecko) Chrome/89.0.4389.114 Safari/537.36"
[2021-04-14T14:11:00.997] [INFO] access - ::1 - - "GET /js/utils/rem.js HTTP/1.1" 200 1173 "http://localhost:3000/" "Mozilla/5.0 (Windows NT 10.0; Win64; x64) AppleWebKit/537.36 (KHTML, like Gecko) Chrome/89.0.4389.114 Safari/537.36"
[2021-04-14T14:11:01.080] [INFO] access - ::1 - - "GET /js/bin/bootstrap.min.js.map HTTP/1.1" 404 - "" "Mozilla/5.0 (Windows NT 10.0; Win64; x64) AppleWebKit/537.36 (KHTML, like Gecko) Chrome/89.0.4389.114 Safari/537.36"
[2021-04-14T14:11:01.175] [INFO] access - ::1 - - "GET /styles/bin/bootstrap.min.css.map HTTP/1.1" 404 - "" "Mozilla/5.0 (Windows NT 10.0; Win64; x64) AppleWebKit/537.36 (KHTML, like Gecko) Chrome/89.0.4389.114 Safari/537.36"
[2021-04-14T14:11:02.869] [INFO] access - ::1 - - "GET / HTTP/1.1" 200 1171 "" "Mozilla/5.0 (Windows NT 10.0; Win64; x64) AppleWebKit/537.36 (KHTML, like Gecko) Chrome/89.0.4389.114 Safari/537.36"
[2021-04-14T14:11:03.023] [INFO] access - ::1 - - "GET /styles/common/style.css HTTP/1.1" 200 693 "http://localhost:3000/" "Mozilla/5.0 (Windows NT 10.0; Win64; x64) AppleWebKit/537.36 (KHTML, like Gecko) Chrome/89.0.4389.114 Safari/537.36"
[2021-04-14T14:11:03.024] [INFO] access - ::1 - - "GET /styles/home/index.css HTTP/1.1" 200 909 "http://localhost:3000/" "Mozilla/5.0 (Windows NT 10.0; Win64; x64) AppleWebKit/537.36 (KHTML, like Gecko) Chrome/89.0.4389.114 Safari/537.36"
[2021-04-14T14:11:03.024] [INFO] access - ::1 - - "GET /styles/bin/bootstrap.min.css HTTP/1.1" 200 161409 "http://localhost:3000/" "Mozilla/5.0 (Windows NT 10.0; Win64; x64) AppleWebKit/537.36 (KHTML, like Gecko) Chrome/89.0.4389.114 Safari/537.36"
[2021-04-14T14:11:03.025] [INFO] access - ::1 - - "GET /styles/bin/bootstrap-table.min.css HTTP/1.1" 200 9231 "http://localhost:3000/" "Mozilla/5.0 (Windows NT 10.0; Win64; x64) AppleWebKit/537.36 (KHTML, like Gecko) Chrome/89.0.4389.114 Safari/537.36"
[2021-04-14T14:11:03.025] [INFO] access - ::1 - - "GET /styles/bin/bootstrapValidator.min.css HTTP/1.1" 200 694 "http://localhost:3000/" "Mozilla/5.0 (Windows NT 10.0; Win64; x64) AppleWebKit/537.36 (KHTML, like Gecko) Chrome/89.0.4389.114 Safari/537.36"
[2021-04-14T14:11:03.026] [INFO] access - ::1 - - "GET /js/bin/jquery.min.js HTTP/1.1" 200 89501 "http://localhost:3000/" "Mozilla/5.0 (Windows NT 10.0; Win64; x64) AppleWebKit/537.36 (KHTML, like Gecko) Chrome/89.0.4389.114 Safari/537.36"
[2021-04-14T14:11:03.089] [INFO] access - ::1 - - "GET /js/bin/bootstrap.min.js HTTP/1.1" 200 63467 "http://localhost:3000/" "Mozilla/5.0 (Windows NT 10.0; Win64; x64) AppleWebKit/537.36 (KHTML, like Gecko) Chrome/89.0.4389.114 Safari/537.36"
[2021-04-14T14:11:03.090] [INFO] access - ::1 - - "GET /js/bin/bootstrap-table.min.js HTTP/1.1" 200 120705 "http://localhost:3000/" "Mozilla/5.0 (Windows NT 10.0; Win64; x64) AppleWebKit/537.36 (KHTML, like Gecko) Chrome/89.0.4389.114 Safari/537.36"
[2021-04-14T14:11:03.092] [INFO] access - ::1 - - "GET /js//bin/bootstrapValidator.min.js HTTP/1.1" 200 110933 "http://localhost:3000/" "Mozilla/5.0 (Windows NT 10.0; Win64; x64) AppleWebKit/537.36 (KHTML, like Gecko) Chrome/89.0.4389.114 Safari/537.36"
[2021-04-14T14:11:03.098] [INFO] access - ::1 - - "GET /js/utils/rem.js HTTP/1.1" 200 1173 "http://localhost:3000/" "Mozilla/5.0 (Windows NT 10.0; Win64; x64) AppleWebKit/537.36 (KHTML, like Gecko) Chrome/89.0.4389.114 Safari/537.36"
[2021-04-14T14:11:03.177] [INFO] access - ::1 - - "GET /js/bin/bootstrap.min.js.map HTTP/1.1" 404 - "" "Mozilla/5.0 (Windows NT 10.0; Win64; x64) AppleWebKit/537.36 (KHTML, like Gecko) Chrome/89.0.4389.114 Safari/537.36"
[2021-04-14T14:11:03.263] [INFO] access - ::1 - - "GET /styles/bin/bootstrap.min.css.map HTTP/1.1" 404 - "" "Mozilla/5.0 (Windows NT 10.0; Win64; x64) AppleWebKit/537.36 (KHTML, like Gecko) Chrome/89.0.4389.114 Safari/537.36"
[2021-04-14T14:11:09.665] [INFO] access - ::1 - - "GET / HTTP/1.1" 200 1171 "" "Mozilla/5.0 (Windows NT 10.0; Win64; x64) AppleWebKit/537.36 (KHTML, like Gecko) Chrome/89.0.4389.114 Safari/537.36"
[2021-04-14T14:11:09.761] [INFO] access - ::1 - - "GET /styles/common/style.css HTTP/1.1" 200 693 "http://localhost:3000/" "Mozilla/5.0 (Windows NT 10.0; Win64; x64) AppleWebKit/537.36 (KHTML, like Gecko) Chrome/89.0.4389.114 Safari/537.36"
[2021-04-14T14:11:09.910] [INFO] access - ::1 - - "GET /styles/home/index.css HTTP/1.1" 200 909 "http://localhost:3000/" "Mozilla/5.0 (Windows NT 10.0; Win64; x64) AppleWebKit/537.36 (KHTML, like Gecko) Chrome/89.0.4389.114 Safari/537.36"
[2021-04-14T14:11:09.912] [INFO] access - ::ffff:127.0.0.1 - - "GET /styles/bin/bootstrap.min.css HTTP/1.1" 200 161409 "http://localhost:3000/" "Mozilla/5.0 (Windows NT 10.0; Win64; x64) AppleWebKit/537.36 (KHTML, like Gecko) Chrome/89.0.4389.114 Safari/537.36"
[2021-04-14T14:11:09.913] [INFO] access - ::1 - - "GET /styles/bin/bootstrap-table.min.css HTTP/1.1" 200 9231 "http://localhost:3000/" "Mozilla/5.0 (Windows NT 10.0; Win64; x64) AppleWebKit/537.36 (KHTML, like Gecko) Chrome/89.0.4389.114 Safari/537.36"
[2021-04-14T14:11:09.914] [INFO] access - ::1 - - "GET /styles/bin/bootstrapValidator.min.css HTTP/1.1" 200 694 "http://localhost:3000/" "Mozilla/5.0 (Windows NT 10.0; Win64; x64) AppleWebKit/537.36 (KHTML, like Gecko) Chrome/89.0.4389.114 Safari/537.36"
[2021-04-14T14:11:09.914] [INFO] access - ::1 - - "GET /js/bin/jquery.min.js HTTP/1.1" 200 89501 "http://localhost:3000/" "Mozilla/5.0 (Windows NT 10.0; Win64; x64) AppleWebKit/537.36 (KHTML, like Gecko) Chrome/89.0.4389.114 Safari/537.36"
[2021-04-14T14:11:09.916] [INFO] access - ::1 - - "GET /js/bin/bootstrap.min.js HTTP/1.1" 200 63467 "http://localhost:3000/" "Mozilla/5.0 (Windows NT 10.0; Win64; x64) AppleWebKit/537.36 (KHTML, like Gecko) Chrome/89.0.4389.114 Safari/537.36"
[2021-04-14T14:11:10.064] [INFO] access - ::1 - - "GET /js/bin/bootstrap-table.min.js HTTP/1.1" 200 120705 "http://localhost:3000/" "Mozilla/5.0 (Windows NT 10.0; Win64; x64) AppleWebKit/537.36 (KHTML, like Gecko) Chrome/89.0.4389.114 Safari/537.36"
[2021-04-14T14:11:10.066] [INFO] access - ::1 - - "GET /js//bin/bootstrapValidator.min.js HTTP/1.1" 200 110933 "http://localhost:3000/" "Mozilla/5.0 (Windows NT 10.0; Win64; x64) AppleWebKit/537.36 (KHTML, like Gecko) Chrome/89.0.4389.114 Safari/537.36"
[2021-04-14T14:11:10.074] [INFO] access - ::1 - - "GET /js/utils/rem.js HTTP/1.1" 200 1173 "http://localhost:3000/" "Mozilla/5.0 (Windows NT 10.0; Win64; x64) AppleWebKit/537.36 (KHTML, like Gecko) Chrome/89.0.4389.114 Safari/537.36"
[2021-04-14T14:11:10.094] [INFO] access - ::1 - - "GET /js/bin/bootstrap.min.js.map HTTP/1.1" 404 - "" "Mozilla/5.0 (Windows NT 10.0; Win64; x64) AppleWebKit/537.36 (KHTML, like Gecko) Chrome/89.0.4389.114 Safari/537.36"
[2021-04-14T14:11:10.255] [INFO] access - ::1 - - "GET /styles/bin/bootstrap.min.css.map HTTP/1.1" 404 - "" "Mozilla/5.0 (Windows NT 10.0; Win64; x64) AppleWebKit/537.36 (KHTML, like Gecko) Chrome/89.0.4389.114 Safari/537.36"
[2021-04-14T14:11:20.518] [INFO] access - ::1 - - "GET / HTTP/1.1" 200 1171 "" "Mozilla/5.0 (Windows NT 10.0; Win64; x64) AppleWebKit/537.36 (KHTML, like Gecko) Chrome/89.0.4389.114 Safari/537.36"
[2021-04-14T14:11:20.609] [INFO] access - ::1 - - "GET /styles/common/style.css HTTP/1.1" 200 693 "http://localhost:3000/" "Mozilla/5.0 (Windows NT 10.0; Win64; x64) AppleWebKit/537.36 (KHTML, like Gecko) Chrome/89.0.4389.114 Safari/537.36"
[2021-04-14T14:11:20.611] [INFO] access - ::1 - - "GET /styles/home/index.css HTTP/1.1" 200 909 "http://localhost:3000/" "Mozilla/5.0 (Windows NT 10.0; Win64; x64) AppleWebKit/537.36 (KHTML, like Gecko) Chrome/89.0.4389.114 Safari/537.36"
[2021-04-14T14:11:20.613] [INFO] access - ::1 - - "GET /styles/bin/bootstrap.min.css HTTP/1.1" 200 161409 "http://localhost:3000/" "Mozilla/5.0 (Windows NT 10.0; Win64; x64) AppleWebKit/537.36 (KHTML, like Gecko) Chrome/89.0.4389.114 Safari/537.36"
[2021-04-14T14:11:20.614] [INFO] access - ::1 - - "GET /styles/bin/bootstrap-table.min.css HTTP/1.1" 200 9231 "http://localhost:3000/" "Mozilla/5.0 (Windows NT 10.0; Win64; x64) AppleWebKit/537.36 (KHTML, like Gecko) Chrome/89.0.4389.114 Safari/537.36"
[2021-04-14T14:11:20.615] [INFO] access - ::1 - - "GET /styles/bin/bootstrapValidator.min.css HTTP/1.1" 200 694 "http://localhost:3000/" "Mozilla/5.0 (Windows NT 10.0; Win64; x64) AppleWebKit/537.36 (KHTML, like Gecko) Chrome/89.0.4389.114 Safari/537.36"
[2021-04-14T14:11:20.616] [INFO] access - ::1 - - "GET /js/bin/jquery.min.js HTTP/1.1" 200 89501 "http://localhost:3000/" "Mozilla/5.0 (Windows NT 10.0; Win64; x64) AppleWebKit/537.36 (KHTML, like Gecko) Chrome/89.0.4389.114 Safari/537.36"
[2021-04-14T14:11:20.671] [INFO] access - ::1 - - "GET /js/bin/bootstrap.min.js HTTP/1.1" 200 63467 "http://localhost:3000/" "Mozilla/5.0 (Windows NT 10.0; Win64; x64) AppleWebKit/537.36 (KHTML, like Gecko) Chrome/89.0.4389.114 Safari/537.36"
[2021-04-14T14:11:20.672] [INFO] access - ::1 - - "GET /js/bin/bootstrap-table.min.js HTTP/1.1" 200 120705 "http://localhost:3000/" "Mozilla/5.0 (Windows NT 10.0; Win64; x64) AppleWebKit/537.36 (KHTML, like Gecko) Chrome/89.0.4389.114 Safari/537.36"
[2021-04-14T14:11:20.674] [INFO] access - ::1 - - "GET /js/utils/rem.js HTTP/1.1" 200 1173 "http://localhost:3000/" "Mozilla/5.0 (Windows NT 10.0; Win64; x64) AppleWebKit/537.36 (KHTML, like Gecko) Chrome/89.0.4389.114 Safari/537.36"
[2021-04-14T14:11:20.675] [INFO] access - ::1 - - "GET /js//bin/bootstrapValidator.min.js HTTP/1.1" 200 110933 "http://localhost:3000/" "Mozilla/5.0 (Windows NT 10.0; Win64; x64) AppleWebKit/537.36 (KHTML, like Gecko) Chrome/89.0.4389.114 Safari/537.36"
[2021-04-14T14:11:20.766] [INFO] access - ::1 - - "GET /js/bin/bootstrap.min.js.map HTTP/1.1" 404 - "" "Mozilla/5.0 (Windows NT 10.0; Win64; x64) AppleWebKit/537.36 (KHTML, like Gecko) Chrome/89.0.4389.114 Safari/537.36"
[2021-04-14T14:11:20.866] [INFO] access - ::1 - - "GET /styles/bin/bootstrap.min.css.map HTTP/1.1" 404 - "" "Mozilla/5.0 (Windows NT 10.0; Win64; x64) AppleWebKit/537.36 (KHTML, like Gecko) Chrome/89.0.4389.114 Safari/537.36"
[2021-04-14T14:11:32.083] [INFO] access - ::1 - - "GET / HTTP/1.1" 200 1171 "" "Mozilla/5.0 (Windows NT 10.0; Win64; x64) AppleWebKit/537.36 (KHTML, like Gecko) Chrome/89.0.4389.114 Safari/537.36"
[2021-04-14T14:11:32.183] [INFO] access - ::1 - - "GET /styles/common/style.css HTTP/1.1" 200 693 "http://localhost:3000/" "Mozilla/5.0 (Windows NT 10.0; Win64; x64) AppleWebKit/537.36 (KHTML, like Gecko) Chrome/89.0.4389.114 Safari/537.36"
[2021-04-14T14:11:32.184] [INFO] access - ::1 - - "GET /styles/home/index.css HTTP/1.1" 200 909 "http://localhost:3000/" "Mozilla/5.0 (Windows NT 10.0; Win64; x64) AppleWebKit/537.36 (KHTML, like Gecko) Chrome/89.0.4389.114 Safari/537.36"
[2021-04-14T14:11:32.184] [INFO] access - ::1 - - "GET /styles/bin/bootstrap.min.css HTTP/1.1" 200 161409 "http://localhost:3000/" "Mozilla/5.0 (Windows NT 10.0; Win64; x64) AppleWebKit/537.36 (KHTML, like Gecko) Chrome/89.0.4389.114 Safari/537.36"
[2021-04-14T14:11:32.185] [INFO] access - ::1 - - "GET /styles/bin/bootstrap-table.min.css HTTP/1.1" 200 9231 "http://localhost:3000/" "Mozilla/5.0 (Windows NT 10.0; Win64; x64) AppleWebKit/537.36 (KHTML, like Gecko) Chrome/89.0.4389.114 Safari/537.36"
[2021-04-14T14:11:32.185] [INFO] access - ::1 - - "GET /styles/bin/bootstrapValidator.min.css HTTP/1.1" 200 694 "http://localhost:3000/" "Mozilla/5.0 (Windows NT 10.0; Win64; x64) AppleWebKit/537.36 (KHTML, like Gecko) Chrome/89.0.4389.114 Safari/537.36"
[2021-04-14T14:11:32.186] [INFO] access - ::1 - - "GET /js/bin/jquery.min.js HTTP/1.1" 200 89501 "http://localhost:3000/" "Mozilla/5.0 (Windows NT 10.0; Win64; x64) AppleWebKit/537.36 (KHTML, like Gecko) Chrome/89.0.4389.114 Safari/537.36"
[2021-04-14T14:11:32.221] [INFO] access - ::1 - - "GET /js/bin/bootstrap.min.js HTTP/1.1" 200 63467 "http://localhost:3000/" "Mozilla/5.0 (Windows NT 10.0; Win64; x64) AppleWebKit/537.36 (KHTML, like Gecko) Chrome/89.0.4389.114 Safari/537.36"
[2021-04-14T14:11:32.224] [INFO] access - ::1 - - "GET /js/bin/bootstrap-table.min.js HTTP/1.1" 200 120705 "http://localhost:3000/" "Mozilla/5.0 (Windows NT 10.0; Win64; x64) AppleWebKit/537.36 (KHTML, like Gecko) Chrome/89.0.4389.114 Safari/537.36"
[2021-04-14T14:11:32.242] [INFO] access - ::1 - - "GET /js//bin/bootstrapValidator.min.js HTTP/1.1" 200 110933 "http://localhost:3000/" "Mozilla/5.0 (Windows NT 10.0; Win64; x64) AppleWebKit/537.36 (KHTML, like Gecko) Chrome/89.0.4389.114 Safari/537.36"
[2021-04-14T14:11:32.244] [INFO] access - ::1 - - "GET /js/utils/rem.js HTTP/1.1" 200 1173 "http://localhost:3000/" "Mozilla/5.0 (Windows NT 10.0; Win64; x64) AppleWebKit/537.36 (KHTML, like Gecko) Chrome/89.0.4389.114 Safari/537.36"
[2021-04-14T14:11:32.332] [INFO] access - ::1 - - "GET /js/bin/bootstrap.min.js.map HTTP/1.1" 404 - "" "Mozilla/5.0 (Windows NT 10.0; Win64; x64) AppleWebKit/537.36 (KHTML, like Gecko) Chrome/89.0.4389.114 Safari/537.36"
[2021-04-14T14:11:32.433] [INFO] access - ::1 - - "GET /styles/bin/bootstrap.min.css.map HTTP/1.1" 404 - "" "Mozilla/5.0 (Windows NT 10.0; Win64; x64) AppleWebKit/537.36 (KHTML, like Gecko) Chrome/89.0.4389.114 Safari/537.36"
[2021-04-14T14:11:33.846] [INFO] access - ::1 - - "GET / HTTP/1.1" 200 1171 "" "Mozilla/5.0 (Windows NT 10.0; Win64; x64) AppleWebKit/537.36 (KHTML, like Gecko) Chrome/89.0.4389.114 Safari/537.36"
[2021-04-14T14:11:33.947] [INFO] access - ::1 - - "GET /styles/common/style.css HTTP/1.1" 200 693 "http://localhost:3000/" "Mozilla/5.0 (Windows NT 10.0; Win64; x64) AppleWebKit/537.36 (KHTML, like Gecko) Chrome/89.0.4389.114 Safari/537.36"
[2021-04-14T14:11:33.947] [INFO] access - ::1 - - "GET /styles/home/index.css HTTP/1.1" 200 909 "http://localhost:3000/" "Mozilla/5.0 (Windows NT 10.0; Win64; x64) AppleWebKit/537.36 (KHTML, like Gecko) Chrome/89.0.4389.114 Safari/537.36"
[2021-04-14T14:11:33.948] [INFO] access - ::1 - - "GET /styles/bin/bootstrap.min.css HTTP/1.1" 200 161409 "http://localhost:3000/" "Mozilla/5.0 (Windows NT 10.0; Win64; x64) AppleWebKit/537.36 (KHTML, like Gecko) Chrome/89.0.4389.114 Safari/537.36"
[2021-04-14T14:11:33.949] [INFO] access - ::1 - - "GET /styles/bin/bootstrap-table.min.css HTTP/1.1" 200 9231 "http://localhost:3000/" "Mozilla/5.0 (Windows NT 10.0; Win64; x64) AppleWebKit/537.36 (KHTML, like Gecko) Chrome/89.0.4389.114 Safari/537.36"
[2021-04-14T14:11:33.950] [INFO] access - ::1 - - "GET /styles/bin/bootstrapValidator.min.css HTTP/1.1" 200 694 "http://localhost:3000/" "Mozilla/5.0 (Windows NT 10.0; Win64; x64) AppleWebKit/537.36 (KHTML, like Gecko) Chrome/89.0.4389.114 Safari/537.36"
[2021-04-14T14:11:33.950] [INFO] access - ::1 - - "GET /js/bin/jquery.min.js HTTP/1.1" 200 89501 "http://localhost:3000/" "Mozilla/5.0 (Windows NT 10.0; Win64; x64) AppleWebKit/537.36 (KHTML, like Gecko) Chrome/89.0.4389.114 Safari/537.36"
[2021-04-14T14:11:34.025] [INFO] access - ::1 - - "GET /js/bin/bootstrap.min.js HTTP/1.1" 200 63467 "http://localhost:3000/" "Mozilla/5.0 (Windows NT 10.0; Win64; x64) AppleWebKit/537.36 (KHTML, like Gecko) Chrome/89.0.4389.114 Safari/537.36"
[2021-04-14T14:11:34.028] [INFO] access - ::1 - - "GET /js/bin/bootstrap-table.min.js HTTP/1.1" 200 120705 "http://localhost:3000/" "Mozilla/5.0 (Windows NT 10.0; Win64; x64) AppleWebKit/537.36 (KHTML, like Gecko) Chrome/89.0.4389.114 Safari/537.36"
[2021-04-14T14:11:34.029] [INFO] access - ::1 - - "GET /js//bin/bootstrapValidator.min.js HTTP/1.1" 200 110933 "http://localhost:3000/" "Mozilla/5.0 (Windows NT 10.0; Win64; x64) AppleWebKit/537.36 (KHTML, like Gecko) Chrome/89.0.4389.114 Safari/537.36"
[2021-04-14T14:11:34.029] [INFO] access - ::1 - - "GET /js/utils/rem.js HTTP/1.1" 200 1173 "http://localhost:3000/" "Mozilla/5.0 (Windows NT 10.0; Win64; x64) AppleWebKit/537.36 (KHTML, like Gecko) Chrome/89.0.4389.114 Safari/537.36"
[2021-04-14T14:11:34.099] [INFO] access - ::1 - - "GET /js/bin/bootstrap.min.js.map HTTP/1.1" 404 - "" "Mozilla/5.0 (Windows NT 10.0; Win64; x64) AppleWebKit/537.36 (KHTML, like Gecko) Chrome/89.0.4389.114 Safari/537.36"
[2021-04-14T14:11:34.185] [INFO] access - ::1 - - "GET /styles/bin/bootstrap.min.css.map HTTP/1.1" 404 - "" "Mozilla/5.0 (Windows NT 10.0; Win64; x64) AppleWebKit/537.36 (KHTML, like Gecko) Chrome/89.0.4389.114 Safari/537.36"
[2021-04-14T14:11:43.432] [INFO] access - ::1 - - "GET / HTTP/1.1" 200 1194 "" "Mozilla/5.0 (Windows NT 10.0; Win64; x64) AppleWebKit/537.36 (KHTML, like Gecko) Chrome/89.0.4389.114 Safari/537.36"
[2021-04-14T14:11:43.518] [INFO] access - ::1 - - "GET /styles/common/style.css HTTP/1.1" 200 693 "http://localhost:3000/" "Mozilla/5.0 (Windows NT 10.0; Win64; x64) AppleWebKit/537.36 (KHTML, like Gecko) Chrome/89.0.4389.114 Safari/537.36"
[2021-04-14T14:11:43.520] [INFO] access - ::1 - - "GET /styles/home/index.css HTTP/1.1" 200 909 "http://localhost:3000/" "Mozilla/5.0 (Windows NT 10.0; Win64; x64) AppleWebKit/537.36 (KHTML, like Gecko) Chrome/89.0.4389.114 Safari/537.36"
[2021-04-14T14:11:43.521] [INFO] access - ::1 - - "GET /styles/bin/bootstrap.min.css HTTP/1.1" 200 161409 "http://localhost:3000/" "Mozilla/5.0 (Windows NT 10.0; Win64; x64) AppleWebKit/537.36 (KHTML, like Gecko) Chrome/89.0.4389.114 Safari/537.36"
[2021-04-14T14:11:43.522] [INFO] access - ::1 - - "GET /styles/bin/bootstrap-table.min.css HTTP/1.1" 200 9231 "http://localhost:3000/" "Mozilla/5.0 (Windows NT 10.0; Win64; x64) AppleWebKit/537.36 (KHTML, like Gecko) Chrome/89.0.4389.114 Safari/537.36"
[2021-04-14T14:11:43.523] [INFO] access - ::1 - - "GET /styles/bin/bootstrapValidator.min.css HTTP/1.1" 200 694 "http://localhost:3000/" "Mozilla/5.0 (Windows NT 10.0; Win64; x64) AppleWebKit/537.36 (KHTML, like Gecko) Chrome/89.0.4389.114 Safari/537.36"
[2021-04-14T14:11:43.523] [INFO] access - ::1 - - "GET /js/bin/jquery.min.js HTTP/1.1" 200 89501 "http://localhost:3000/" "Mozilla/5.0 (Windows NT 10.0; Win64; x64) AppleWebKit/537.36 (KHTML, like Gecko) Chrome/89.0.4389.114 Safari/537.36"
[2021-04-14T14:11:43.587] [INFO] access - ::1 - - "GET /js/bin/bootstrap.min.js HTTP/1.1" 200 63467 "http://localhost:3000/" "Mozilla/5.0 (Windows NT 10.0; Win64; x64) AppleWebKit/537.36 (KHTML, like Gecko) Chrome/89.0.4389.114 Safari/537.36"
[2021-04-14T14:11:43.588] [INFO] access - ::1 - - "GET /js/bin/bootstrap-table.min.js HTTP/1.1" 200 120705 "http://localhost:3000/" "Mozilla/5.0 (Windows NT 10.0; Win64; x64) AppleWebKit/537.36 (KHTML, like Gecko) Chrome/89.0.4389.114 Safari/537.36"
[2021-04-14T14:11:43.590] [INFO] access - ::1 - - "GET /js//bin/bootstrapValidator.min.js HTTP/1.1" 200 110933 "http://localhost:3000/" "Mozilla/5.0 (Windows NT 10.0; Win64; x64) AppleWebKit/537.36 (KHTML, like Gecko) Chrome/89.0.4389.114 Safari/537.36"
[2021-04-14T14:11:43.594] [INFO] access - ::1 - - "GET /js/utils/rem.js HTTP/1.1" 200 1173 "http://localhost:3000/" "Mozilla/5.0 (Windows NT 10.0; Win64; x64) AppleWebKit/537.36 (KHTML, like Gecko) Chrome/89.0.4389.114 Safari/537.36"
[2021-04-14T14:11:43.679] [INFO] access - ::1 - - "GET /js/bin/bootstrap.min.js.map HTTP/1.1" 404 - "" "Mozilla/5.0 (Windows NT 10.0; Win64; x64) AppleWebKit/537.36 (KHTML, like Gecko) Chrome/89.0.4389.114 Safari/537.36"
[2021-04-14T14:11:43.762] [INFO] access - ::1 - - "GET /styles/bin/bootstrap.min.css.map HTTP/1.1" 404 - "" "Mozilla/5.0 (Windows NT 10.0; Win64; x64) AppleWebKit/537.36 (KHTML, like Gecko) Chrome/89.0.4389.114 Safari/537.36"
[2021-04-14T14:11:50.886] [INFO] access - ::1 - - "GET / HTTP/1.1" 200 1194 "" "Mozilla/5.0 (Windows NT 10.0; Win64; x64) AppleWebKit/537.36 (KHTML, like Gecko) Chrome/89.0.4389.114 Safari/537.36"
[2021-04-14T14:11:50.980] [INFO] access - ::1 - - "GET /styles/home/index.css HTTP/1.1" 200 909 "http://localhost:3000/" "Mozilla/5.0 (Windows NT 10.0; Win64; x64) AppleWebKit/537.36 (KHTML, like Gecko) Chrome/89.0.4389.114 Safari/537.36"
[2021-04-14T14:11:50.981] [INFO] access - ::1 - - "GET /js/bin/jquery.min.js HTTP/1.1" 200 89501 "http://localhost:3000/" "Mozilla/5.0 (Windows NT 10.0; Win64; x64) AppleWebKit/537.36 (KHTML, like Gecko) Chrome/89.0.4389.114 Safari/537.36"
[2021-04-14T14:11:50.981] [INFO] access - ::1 - - "GET /styles/bin/bootstrap-table.min.css HTTP/1.1" 200 9231 "http://localhost:3000/" "Mozilla/5.0 (Windows NT 10.0; Win64; x64) AppleWebKit/537.36 (KHTML, like Gecko) Chrome/89.0.4389.114 Safari/537.36"
[2021-04-14T14:11:50.982] [INFO] access - ::1 - - "GET /styles/bin/bootstrapValidator.min.css HTTP/1.1" 200 694 "http://localhost:3000/" "Mozilla/5.0 (Windows NT 10.0; Win64; x64) AppleWebKit/537.36 (KHTML, like Gecko) Chrome/89.0.4389.114 Safari/537.36"
[2021-04-14T14:11:50.983] [INFO] access - ::1 - - "GET /styles/bin/bootstrap.min.css HTTP/1.1" 200 161409 "http://localhost:3000/" "Mozilla/5.0 (Windows NT 10.0; Win64; x64) AppleWebKit/537.36 (KHTML, like Gecko) Chrome/89.0.4389.114 Safari/537.36"
[2021-04-14T14:11:50.983] [INFO] access - ::1 - - "GET /styles/common/style.css HTTP/1.1" 200 693 "http://localhost:3000/" "Mozilla/5.0 (Windows NT 10.0; Win64; x64) AppleWebKit/537.36 (KHTML, like Gecko) Chrome/89.0.4389.114 Safari/537.36"
[2021-04-14T14:11:51.015] [INFO] access - ::1 - - "GET /js/bin/bootstrap.min.js HTTP/1.1" 200 63467 "http://localhost:3000/" "Mozilla/5.0 (Windows NT 10.0; Win64; x64) AppleWebKit/537.36 (KHTML, like Gecko) Chrome/89.0.4389.114 Safari/537.36"
[2021-04-14T14:11:51.029] [INFO] access - ::1 - - "GET /js/bin/bootstrap-table.min.js HTTP/1.1" 200 120705 "http://localhost:3000/" "Mozilla/5.0 (Windows NT 10.0; Win64; x64) AppleWebKit/537.36 (KHTML, like Gecko) Chrome/89.0.4389.114 Safari/537.36"
[2021-04-14T14:11:51.040] [INFO] access - ::1 - - "GET /js//bin/bootstrapValidator.min.js HTTP/1.1" 200 110933 "http://localhost:3000/" "Mozilla/5.0 (Windows NT 10.0; Win64; x64) AppleWebKit/537.36 (KHTML, like Gecko) Chrome/89.0.4389.114 Safari/537.36"
[2021-04-14T14:11:51.046] [INFO] access - ::1 - - "GET /js/utils/rem.js HTTP/1.1" 200 1173 "http://localhost:3000/" "Mozilla/5.0 (Windows NT 10.0; Win64; x64) AppleWebKit/537.36 (KHTML, like Gecko) Chrome/89.0.4389.114 Safari/537.36"
[2021-04-14T14:11:51.173] [INFO] access - ::1 - - "GET /js/bin/bootstrap.min.js.map HTTP/1.1" 404 - "" "Mozilla/5.0 (Windows NT 10.0; Win64; x64) AppleWebKit/537.36 (KHTML, like Gecko) Chrome/89.0.4389.114 Safari/537.36"
[2021-04-14T14:11:51.266] [INFO] access - ::1 - - "GET /styles/bin/bootstrap.min.css.map HTTP/1.1" 404 - "" "Mozilla/5.0 (Windows NT 10.0; Win64; x64) AppleWebKit/537.36 (KHTML, like Gecko) Chrome/89.0.4389.114 Safari/537.36"
[2021-04-14T14:11:51.820] [INFO] access - ::1 - - "GET / HTTP/1.1" 200 1194 "" "Mozilla/5.0 (Windows NT 10.0; Win64; x64) AppleWebKit/537.36 (KHTML, like Gecko) Chrome/89.0.4389.114 Safari/537.36"
[2021-04-14T14:11:51.923] [INFO] access - ::1 - - "GET /styles/common/style.css HTTP/1.1" 200 693 "http://localhost:3000/" "Mozilla/5.0 (Windows NT 10.0; Win64; x64) AppleWebKit/537.36 (KHTML, like Gecko) Chrome/89.0.4389.114 Safari/537.36"
[2021-04-14T14:11:51.924] [INFO] access - ::1 - - "GET /styles/home/index.css HTTP/1.1" 200 909 "http://localhost:3000/" "Mozilla/5.0 (Windows NT 10.0; Win64; x64) AppleWebKit/537.36 (KHTML, like Gecko) Chrome/89.0.4389.114 Safari/537.36"
[2021-04-14T14:11:51.925] [INFO] access - ::1 - - "GET /styles/bin/bootstrap.min.css HTTP/1.1" 200 161409 "http://localhost:3000/" "Mozilla/5.0 (Windows NT 10.0; Win64; x64) AppleWebKit/537.36 (KHTML, like Gecko) Chrome/89.0.4389.114 Safari/537.36"
[2021-04-14T14:11:51.928] [INFO] access - ::1 - - "GET /styles/bin/bootstrap-table.min.css HTTP/1.1" 200 9231 "http://localhost:3000/" "Mozilla/5.0 (Windows NT 10.0; Win64; x64) AppleWebKit/537.36 (KHTML, like Gecko) Chrome/89.0.4389.114 Safari/537.36"
[2021-04-14T14:11:51.929] [INFO] access - ::1 - - "GET /styles/bin/bootstrapValidator.min.css HTTP/1.1" 200 694 "http://localhost:3000/" "Mozilla/5.0 (Windows NT 10.0; Win64; x64) AppleWebKit/537.36 (KHTML, like Gecko) Chrome/89.0.4389.114 Safari/537.36"
[2021-04-14T14:11:51.930] [INFO] access - ::1 - - "GET /js/bin/jquery.min.js HTTP/1.1" 200 89501 "http://localhost:3000/" "Mozilla/5.0 (Windows NT 10.0; Win64; x64) AppleWebKit/537.36 (KHTML, like Gecko) Chrome/89.0.4389.114 Safari/537.36"
[2021-04-14T14:11:51.974] [INFO] access - ::1 - - "GET /js/bin/bootstrap.min.js HTTP/1.1" 200 63467 "http://localhost:3000/" "Mozilla/5.0 (Windows NT 10.0; Win64; x64) AppleWebKit/537.36 (KHTML, like Gecko) Chrome/89.0.4389.114 Safari/537.36"
[2021-04-14T14:11:51.974] [INFO] access - ::1 - - "GET /js/bin/bootstrap-table.min.js HTTP/1.1" 200 120705 "http://localhost:3000/" "Mozilla/5.0 (Windows NT 10.0; Win64; x64) AppleWebKit/537.36 (KHTML, like Gecko) Chrome/89.0.4389.114 Safari/537.36"
[2021-04-14T14:11:51.988] [INFO] access - ::1 - - "GET /js//bin/bootstrapValidator.min.js HTTP/1.1" 200 110933 "http://localhost:3000/" "Mozilla/5.0 (Windows NT 10.0; Win64; x64) AppleWebKit/537.36 (KHTML, like Gecko) Chrome/89.0.4389.114 Safari/537.36"
[2021-04-14T14:11:51.991] [INFO] access - ::1 - - "GET /js/utils/rem.js HTTP/1.1" 200 1173 "http://localhost:3000/" "Mozilla/5.0 (Windows NT 10.0; Win64; x64) AppleWebKit/537.36 (KHTML, like Gecko) Chrome/89.0.4389.114 Safari/537.36"
[2021-04-14T14:11:52.100] [INFO] access - ::1 - - "GET /js/bin/bootstrap.min.js.map HTTP/1.1" 404 - "" "Mozilla/5.0 (Windows NT 10.0; Win64; x64) AppleWebKit/537.36 (KHTML, like Gecko) Chrome/89.0.4389.114 Safari/537.36"
[2021-04-14T14:11:52.238] [INFO] access - ::1 - - "GET /styles/bin/bootstrap.min.css.map HTTP/1.1" 404 - "" "Mozilla/5.0 (Windows NT 10.0; Win64; x64) AppleWebKit/537.36 (KHTML, like Gecko) Chrome/89.0.4389.114 Safari/537.36"
[2021-04-14T14:11:52.499] [INFO] access - ::1 - - "GET / HTTP/1.1" 200 1194 "" "Mozilla/5.0 (Windows NT 10.0; Win64; x64) AppleWebKit/537.36 (KHTML, like Gecko) Chrome/89.0.4389.114 Safari/537.36"
[2021-04-14T14:11:52.595] [INFO] access - ::1 - - "GET /styles/home/index.css HTTP/1.1" 200 909 "http://localhost:3000/" "Mozilla/5.0 (Windows NT 10.0; Win64; x64) AppleWebKit/537.36 (KHTML, like Gecko) Chrome/89.0.4389.114 Safari/537.36"
[2021-04-14T14:11:52.596] [INFO] access - ::1 - - "GET /styles/bin/bootstrap.min.css HTTP/1.1" 200 161409 "http://localhost:3000/" "Mozilla/5.0 (Windows NT 10.0; Win64; x64) AppleWebKit/537.36 (KHTML, like Gecko) Chrome/89.0.4389.114 Safari/537.36"
[2021-04-14T14:11:52.597] [INFO] access - ::1 - - "GET /styles/bin/bootstrapValidator.min.css HTTP/1.1" 200 694 "http://localhost:3000/" "Mozilla/5.0 (Windows NT 10.0; Win64; x64) AppleWebKit/537.36 (KHTML, like Gecko) Chrome/89.0.4389.114 Safari/537.36"
[2021-04-14T14:11:52.598] [INFO] access - ::1 - - "GET /js/bin/jquery.min.js HTTP/1.1" 200 89501 "http://localhost:3000/" "Mozilla/5.0 (Windows NT 10.0; Win64; x64) AppleWebKit/537.36 (KHTML, like Gecko) Chrome/89.0.4389.114 Safari/537.36"
[2021-04-14T14:11:52.598] [INFO] access - ::1 - - "GET /styles/bin/bootstrap-table.min.css HTTP/1.1" 200 9231 "http://localhost:3000/" "Mozilla/5.0 (Windows NT 10.0; Win64; x64) AppleWebKit/537.36 (KHTML, like Gecko) Chrome/89.0.4389.114 Safari/537.36"
[2021-04-14T14:11:52.599] [INFO] access - ::1 - - "GET /styles/common/style.css HTTP/1.1" 200 693 "http://localhost:3000/" "Mozilla/5.0 (Windows NT 10.0; Win64; x64) AppleWebKit/537.36 (KHTML, like Gecko) Chrome/89.0.4389.114 Safari/537.36"
[2021-04-14T14:11:52.663] [INFO] access - ::1 - - "GET /js/bin/bootstrap.min.js HTTP/1.1" 200 63467 "http://localhost:3000/" "Mozilla/5.0 (Windows NT 10.0; Win64; x64) AppleWebKit/537.36 (KHTML, like Gecko) Chrome/89.0.4389.114 Safari/537.36"
[2021-04-14T14:11:52.664] [INFO] access - ::1 - - "GET /js/bin/bootstrap-table.min.js HTTP/1.1" 200 120705 "http://localhost:3000/" "Mozilla/5.0 (Windows NT 10.0; Win64; x64) AppleWebKit/537.36 (KHTML, like Gecko) Chrome/89.0.4389.114 Safari/537.36"
[2021-04-14T14:11:52.665] [INFO] access - ::1 - - "GET /js/utils/rem.js HTTP/1.1" 200 1173 "http://localhost:3000/" "Mozilla/5.0 (Windows NT 10.0; Win64; x64) AppleWebKit/537.36 (KHTML, like Gecko) Chrome/89.0.4389.114 Safari/537.36"
[2021-04-14T14:11:52.665] [INFO] access - ::1 - - "GET /js//bin/bootstrapValidator.min.js HTTP/1.1" 200 110933 "http://localhost:3000/" "Mozilla/5.0 (Windows NT 10.0; Win64; x64) AppleWebKit/537.36 (KHTML, like Gecko) Chrome/89.0.4389.114 Safari/537.36"
[2021-04-14T14:11:52.755] [INFO] access - ::1 - - "GET /js/bin/bootstrap.min.js.map HTTP/1.1" 404 - "" "Mozilla/5.0 (Windows NT 10.0; Win64; x64) AppleWebKit/537.36 (KHTML, like Gecko) Chrome/89.0.4389.114 Safari/537.36"
[2021-04-14T14:11:52.845] [INFO] access - ::1 - - "GET /styles/bin/bootstrap.min.css.map HTTP/1.1" 404 - "" "Mozilla/5.0 (Windows NT 10.0; Win64; x64) AppleWebKit/537.36 (KHTML, like Gecko) Chrome/89.0.4389.114 Safari/537.36"
[2021-04-14T14:11:53.091] [INFO] access - ::1 - - "GET / HTTP/1.1" 200 1194 "" "Mozilla/5.0 (Windows NT 10.0; Win64; x64) AppleWebKit/537.36 (KHTML, like Gecko) Chrome/89.0.4389.114 Safari/537.36"
[2021-04-14T14:11:53.184] [INFO] access - ::1 - - "GET /styles/common/style.css HTTP/1.1" 200 693 "http://localhost:3000/" "Mozilla/5.0 (Windows NT 10.0; Win64; x64) AppleWebKit/537.36 (KHTML, like Gecko) Chrome/89.0.4389.114 Safari/537.36"
[2021-04-14T14:11:53.185] [INFO] access - ::1 - - "GET /styles/home/index.css HTTP/1.1" 200 909 "http://localhost:3000/" "Mozilla/5.0 (Windows NT 10.0; Win64; x64) AppleWebKit/537.36 (KHTML, like Gecko) Chrome/89.0.4389.114 Safari/537.36"
[2021-04-14T14:11:53.186] [INFO] access - ::1 - - "GET /styles/bin/bootstrap.min.css HTTP/1.1" 200 161409 "http://localhost:3000/" "Mozilla/5.0 (Windows NT 10.0; Win64; x64) AppleWebKit/537.36 (KHTML, like Gecko) Chrome/89.0.4389.114 Safari/537.36"
[2021-04-14T14:11:53.187] [INFO] access - ::1 - - "GET /styles/bin/bootstrap-table.min.css HTTP/1.1" 200 9231 "http://localhost:3000/" "Mozilla/5.0 (Windows NT 10.0; Win64; x64) AppleWebKit/537.36 (KHTML, like Gecko) Chrome/89.0.4389.114 Safari/537.36"
[2021-04-14T14:11:53.187] [INFO] access - ::1 - - "GET /styles/bin/bootstrapValidator.min.css HTTP/1.1" 200 694 "http://localhost:3000/" "Mozilla/5.0 (Windows NT 10.0; Win64; x64) AppleWebKit/537.36 (KHTML, like Gecko) Chrome/89.0.4389.114 Safari/537.36"
[2021-04-14T14:11:53.188] [INFO] access - ::1 - - "GET /js/bin/jquery.min.js HTTP/1.1" 200 89501 "http://localhost:3000/" "Mozilla/5.0 (Windows NT 10.0; Win64; x64) AppleWebKit/537.36 (KHTML, like Gecko) Chrome/89.0.4389.114 Safari/537.36"
[2021-04-14T14:11:53.214] [INFO] access - ::1 - - "GET /js/bin/bootstrap.min.js HTTP/1.1" 200 63467 "http://localhost:3000/" "Mozilla/5.0 (Windows NT 10.0; Win64; x64) AppleWebKit/537.36 (KHTML, like Gecko) Chrome/89.0.4389.114 Safari/537.36"
[2021-04-14T14:11:53.222] [INFO] access - ::1 - - "GET /js/bin/bootstrap-table.min.js HTTP/1.1" 200 120705 "http://localhost:3000/" "Mozilla/5.0 (Windows NT 10.0; Win64; x64) AppleWebKit/537.36 (KHTML, like Gecko) Chrome/89.0.4389.114 Safari/537.36"
[2021-04-14T14:11:53.246] [INFO] access - ::1 - - "GET /js//bin/bootstrapValidator.min.js HTTP/1.1" 200 110933 "http://localhost:3000/" "Mozilla/5.0 (Windows NT 10.0; Win64; x64) AppleWebKit/537.36 (KHTML, like Gecko) Chrome/89.0.4389.114 Safari/537.36"
[2021-04-14T14:11:53.257] [INFO] access - ::1 - - "GET /js/utils/rem.js HTTP/1.1" 200 1173 "http://localhost:3000/" "Mozilla/5.0 (Windows NT 10.0; Win64; x64) AppleWebKit/537.36 (KHTML, like Gecko) Chrome/89.0.4389.114 Safari/537.36"
[2021-04-14T14:11:53.368] [INFO] access - ::1 - - "GET /js/bin/bootstrap.min.js.map HTTP/1.1" 404 - "" "Mozilla/5.0 (Windows NT 10.0; Win64; x64) AppleWebKit/537.36 (KHTML, like Gecko) Chrome/89.0.4389.114 Safari/537.36"
[2021-04-14T14:11:53.482] [INFO] access - ::1 - - "GET /styles/bin/bootstrap.min.css.map HTTP/1.1" 404 - "" "Mozilla/5.0 (Windows NT 10.0; Win64; x64) AppleWebKit/537.36 (KHTML, like Gecko) Chrome/89.0.4389.114 Safari/537.36"
[2021-04-14T14:11:58.274] [INFO] access - ::1 - - "GET / HTTP/1.1" 200 1194 "" "Mozilla/5.0 (Windows NT 10.0; Win64; x64) AppleWebKit/537.36 (KHTML, like Gecko) Chrome/89.0.4389.114 Safari/537.36"
[2021-04-14T14:11:58.383] [INFO] access - ::1 - - "GET /styles/common/style.css HTTP/1.1" 200 693 "http://localhost:3000/" "Mozilla/5.0 (Windows NT 10.0; Win64; x64) AppleWebKit/537.36 (KHTML, like Gecko) Chrome/89.0.4389.114 Safari/537.36"
[2021-04-14T14:11:58.384] [INFO] access - ::1 - - "GET /styles/home/index.css HTTP/1.1" 200 909 "http://localhost:3000/" "Mozilla/5.0 (Windows NT 10.0; Win64; x64) AppleWebKit/537.36 (KHTML, like Gecko) Chrome/89.0.4389.114 Safari/537.36"
[2021-04-14T14:11:58.384] [INFO] access - ::1 - - "GET /styles/bin/bootstrap.min.css HTTP/1.1" 200 161409 "http://localhost:3000/" "Mozilla/5.0 (Windows NT 10.0; Win64; x64) AppleWebKit/537.36 (KHTML, like Gecko) Chrome/89.0.4389.114 Safari/537.36"
[2021-04-14T14:11:58.385] [INFO] access - ::1 - - "GET /styles/bin/bootstrap-table.min.css HTTP/1.1" 200 9231 "http://localhost:3000/" "Mozilla/5.0 (Windows NT 10.0; Win64; x64) AppleWebKit/537.36 (KHTML, like Gecko) Chrome/89.0.4389.114 Safari/537.36"
[2021-04-14T14:11:58.386] [INFO] access - ::1 - - "GET /styles/bin/bootstrapValidator.min.css HTTP/1.1" 200 694 "http://localhost:3000/" "Mozilla/5.0 (Windows NT 10.0; Win64; x64) AppleWebKit/537.36 (KHTML, like Gecko) Chrome/89.0.4389.114 Safari/537.36"
[2021-04-14T14:11:58.387] [INFO] access - ::1 - - "GET /js/bin/jquery.min.js HTTP/1.1" 200 89501 "http://localhost:3000/" "Mozilla/5.0 (Windows NT 10.0; Win64; x64) AppleWebKit/537.36 (KHTML, like Gecko) Chrome/89.0.4389.114 Safari/537.36"
[2021-04-14T14:11:58.438] [INFO] access - ::1 - - "GET /js/bin/bootstrap.min.js HTTP/1.1" 200 63467 "http://localhost:3000/" "Mozilla/5.0 (Windows NT 10.0; Win64; x64) AppleWebKit/537.36 (KHTML, like Gecko) Chrome/89.0.4389.114 Safari/537.36"
[2021-04-14T14:11:58.439] [INFO] access - ::1 - - "GET /js/bin/bootstrap-table.min.js HTTP/1.1" 200 120705 "http://localhost:3000/" "Mozilla/5.0 (Windows NT 10.0; Win64; x64) AppleWebKit/537.36 (KHTML, like Gecko) Chrome/89.0.4389.114 Safari/537.36"
[2021-04-14T14:11:58.440] [INFO] access - ::1 - - "GET /js//bin/bootstrapValidator.min.js HTTP/1.1" 200 110933 "http://localhost:3000/" "Mozilla/5.0 (Windows NT 10.0; Win64; x64) AppleWebKit/537.36 (KHTML, like Gecko) Chrome/89.0.4389.114 Safari/537.36"
[2021-04-14T14:11:58.440] [INFO] access - ::1 - - "GET /js/utils/rem.js HTTP/1.1" 200 1173 "http://localhost:3000/" "Mozilla/5.0 (Windows NT 10.0; Win64; x64) AppleWebKit/537.36 (KHTML, like Gecko) Chrome/89.0.4389.114 Safari/537.36"
[2021-04-14T14:11:58.525] [INFO] access - ::1 - - "GET /js/bin/bootstrap.min.js.map HTTP/1.1" 404 - "" "Mozilla/5.0 (Windows NT 10.0; Win64; x64) AppleWebKit/537.36 (KHTML, like Gecko) Chrome/89.0.4389.114 Safari/537.36"
[2021-04-14T14:11:58.614] [INFO] access - ::1 - - "GET /styles/bin/bootstrap.min.css.map HTTP/1.1" 404 - "" "Mozilla/5.0 (Windows NT 10.0; Win64; x64) AppleWebKit/537.36 (KHTML, like Gecko) Chrome/89.0.4389.114 Safari/537.36"
[2021-04-14T14:11:59.015] [INFO] access - ::1 - - "GET / HTTP/1.1" 200 1194 "" "Mozilla/5.0 (Windows NT 10.0; Win64; x64) AppleWebKit/537.36 (KHTML, like Gecko) Chrome/89.0.4389.114 Safari/537.36"
[2021-04-14T14:11:59.106] [INFO] access - ::1 - - "GET /styles/home/index.css HTTP/1.1" 200 909 "http://localhost:3000/" "Mozilla/5.0 (Windows NT 10.0; Win64; x64) AppleWebKit/537.36 (KHTML, like Gecko) Chrome/89.0.4389.114 Safari/537.36"
[2021-04-14T14:11:59.107] [INFO] access - ::1 - - "GET /styles/bin/bootstrap-table.min.css HTTP/1.1" 200 9231 "http://localhost:3000/" "Mozilla/5.0 (Windows NT 10.0; Win64; x64) AppleWebKit/537.36 (KHTML, like Gecko) Chrome/89.0.4389.114 Safari/537.36"
[2021-04-14T14:11:59.107] [INFO] access - ::1 - - "GET /styles/bin/bootstrap.min.css HTTP/1.1" 200 161409 "http://localhost:3000/" "Mozilla/5.0 (Windows NT 10.0; Win64; x64) AppleWebKit/537.36 (KHTML, like Gecko) Chrome/89.0.4389.114 Safari/537.36"
[2021-04-14T14:11:59.108] [INFO] access - ::1 - - "GET /styles/bin/bootstrapValidator.min.css HTTP/1.1" 200 694 "http://localhost:3000/" "Mozilla/5.0 (Windows NT 10.0; Win64; x64) AppleWebKit/537.36 (KHTML, like Gecko) Chrome/89.0.4389.114 Safari/537.36"
[2021-04-14T14:11:59.109] [INFO] access - ::1 - - "GET /js/bin/jquery.min.js HTTP/1.1" 200 89501 "http://localhost:3000/" "Mozilla/5.0 (Windows NT 10.0; Win64; x64) AppleWebKit/537.36 (KHTML, like Gecko) Chrome/89.0.4389.114 Safari/537.36"
[2021-04-14T14:11:59.109] [INFO] access - ::1 - - "GET /styles/common/style.css HTTP/1.1" 200 693 "http://localhost:3000/" "Mozilla/5.0 (Windows NT 10.0; Win64; x64) AppleWebKit/537.36 (KHTML, like Gecko) Chrome/89.0.4389.114 Safari/537.36"
[2021-04-14T14:11:59.138] [INFO] access - ::1 - - "GET /js/bin/bootstrap.min.js HTTP/1.1" 200 63467 "http://localhost:3000/" "Mozilla/5.0 (Windows NT 10.0; Win64; x64) AppleWebKit/537.36 (KHTML, like Gecko) Chrome/89.0.4389.114 Safari/537.36"
[2021-04-14T14:11:59.150] [INFO] access - ::1 - - "GET /js/bin/bootstrap-table.min.js HTTP/1.1" 200 120705 "http://localhost:3000/" "Mozilla/5.0 (Windows NT 10.0; Win64; x64) AppleWebKit/537.36 (KHTML, like Gecko) Chrome/89.0.4389.114 Safari/537.36"
[2021-04-14T14:11:59.170] [INFO] access - ::1 - - "GET /js//bin/bootstrapValidator.min.js HTTP/1.1" 200 110933 "http://localhost:3000/" "Mozilla/5.0 (Windows NT 10.0; Win64; x64) AppleWebKit/537.36 (KHTML, like Gecko) Chrome/89.0.4389.114 Safari/537.36"
[2021-04-14T14:11:59.180] [INFO] access - ::1 - - "GET /js/utils/rem.js HTTP/1.1" 200 1173 "http://localhost:3000/" "Mozilla/5.0 (Windows NT 10.0; Win64; x64) AppleWebKit/537.36 (KHTML, like Gecko) Chrome/89.0.4389.114 Safari/537.36"
[2021-04-14T14:11:59.265] [INFO] access - ::1 - - "GET /js/bin/bootstrap.min.js.map HTTP/1.1" 404 - "" "Mozilla/5.0 (Windows NT 10.0; Win64; x64) AppleWebKit/537.36 (KHTML, like Gecko) Chrome/89.0.4389.114 Safari/537.36"
[2021-04-14T14:11:59.354] [INFO] access - ::1 - - "GET /styles/bin/bootstrap.min.css.map HTTP/1.1" 404 - "" "Mozilla/5.0 (Windows NT 10.0; Win64; x64) AppleWebKit/537.36 (KHTML, like Gecko) Chrome/89.0.4389.114 Safari/537.36"
[2021-04-14T14:11:59.847] [INFO] access - ::1 - - "GET / HTTP/1.1" 200 1194 "" "Mozilla/5.0 (Windows NT 10.0; Win64; x64) AppleWebKit/537.36 (KHTML, like Gecko) Chrome/89.0.4389.114 Safari/537.36"
[2021-04-14T14:11:59.934] [INFO] access - ::1 - - "GET /styles/home/index.css HTTP/1.1" 200 909 "http://localhost:3000/" "Mozilla/5.0 (Windows NT 10.0; Win64; x64) AppleWebKit/537.36 (KHTML, like Gecko) Chrome/89.0.4389.114 Safari/537.36"
[2021-04-14T14:11:59.935] [INFO] access - ::1 - - "GET /styles/bin/bootstrap.min.css HTTP/1.1" 200 161409 "http://localhost:3000/" "Mozilla/5.0 (Windows NT 10.0; Win64; x64) AppleWebKit/537.36 (KHTML, like Gecko) Chrome/89.0.4389.114 Safari/537.36"
[2021-04-14T14:11:59.936] [INFO] access - ::1 - - "GET /styles/bin/bootstrap-table.min.css HTTP/1.1" 200 9231 "http://localhost:3000/" "Mozilla/5.0 (Windows NT 10.0; Win64; x64) AppleWebKit/537.36 (KHTML, like Gecko) Chrome/89.0.4389.114 Safari/537.36"
[2021-04-14T14:11:59.936] [INFO] access - ::1 - - "GET /styles/bin/bootstrapValidator.min.css HTTP/1.1" 200 694 "http://localhost:3000/" "Mozilla/5.0 (Windows NT 10.0; Win64; x64) AppleWebKit/537.36 (KHTML, like Gecko) Chrome/89.0.4389.114 Safari/537.36"
[2021-04-14T14:11:59.937] [INFO] access - ::1 - - "GET /js/bin/jquery.min.js HTTP/1.1" 200 89501 "http://localhost:3000/" "Mozilla/5.0 (Windows NT 10.0; Win64; x64) AppleWebKit/537.36 (KHTML, like Gecko) Chrome/89.0.4389.114 Safari/537.36"
[2021-04-14T14:11:59.938] [INFO] access - ::1 - - "GET /styles/common/style.css HTTP/1.1" 200 693 "http://localhost:3000/" "Mozilla/5.0 (Windows NT 10.0; Win64; x64) AppleWebKit/537.36 (KHTML, like Gecko) Chrome/89.0.4389.114 Safari/537.36"
[2021-04-14T14:11:59.959] [INFO] access - ::1 - - "GET /js/bin/bootstrap.min.js HTTP/1.1" 200 63467 "http://localhost:3000/" "Mozilla/5.0 (Windows NT 10.0; Win64; x64) AppleWebKit/537.36 (KHTML, like Gecko) Chrome/89.0.4389.114 Safari/537.36"
[2021-04-14T14:11:59.976] [INFO] access - ::1 - - "GET /js/bin/bootstrap-table.min.js HTTP/1.1" 200 120705 "http://localhost:3000/" "Mozilla/5.0 (Windows NT 10.0; Win64; x64) AppleWebKit/537.36 (KHTML, like Gecko) Chrome/89.0.4389.114 Safari/537.36"
[2021-04-14T14:11:59.989] [INFO] access - ::1 - - "GET /js//bin/bootstrapValidator.min.js HTTP/1.1" 200 110933 "http://localhost:3000/" "Mozilla/5.0 (Windows NT 10.0; Win64; x64) AppleWebKit/537.36 (KHTML, like Gecko) Chrome/89.0.4389.114 Safari/537.36"
[2021-04-14T14:11:59.990] [INFO] access - ::1 - - "GET /js/utils/rem.js HTTP/1.1" 200 1173 "http://localhost:3000/" "Mozilla/5.0 (Windows NT 10.0; Win64; x64) AppleWebKit/537.36 (KHTML, like Gecko) Chrome/89.0.4389.114 Safari/537.36"
[2021-04-14T14:12:00.089] [INFO] access - ::1 - - "GET /js/bin/bootstrap.min.js.map HTTP/1.1" 404 - "" "Mozilla/5.0 (Windows NT 10.0; Win64; x64) AppleWebKit/537.36 (KHTML, like Gecko) Chrome/89.0.4389.114 Safari/537.36"
[2021-04-14T14:12:00.184] [INFO] access - ::1 - - "GET /styles/bin/bootstrap.min.css.map HTTP/1.1" 404 - "" "Mozilla/5.0 (Windows NT 10.0; Win64; x64) AppleWebKit/537.36 (KHTML, like Gecko) Chrome/89.0.4389.114 Safari/537.36"
[2021-04-14T14:12:12.790] [INFO] access - ::1 - - "GET / HTTP/1.1" 200 1192 "" "Mozilla/5.0 (Windows NT 10.0; Win64; x64) AppleWebKit/537.36 (KHTML, like Gecko) Chrome/89.0.4389.114 Safari/537.36"
[2021-04-14T14:12:12.887] [INFO] access - ::1 - - "GET /styles/common/style.css HTTP/1.1" 200 693 "http://localhost:3000/" "Mozilla/5.0 (Windows NT 10.0; Win64; x64) AppleWebKit/537.36 (KHTML, like Gecko) Chrome/89.0.4389.114 Safari/537.36"
[2021-04-14T14:12:12.888] [INFO] access - ::1 - - "GET /styles/home/index.css HTTP/1.1" 200 909 "http://localhost:3000/" "Mozilla/5.0 (Windows NT 10.0; Win64; x64) AppleWebKit/537.36 (KHTML, like Gecko) Chrome/89.0.4389.114 Safari/537.36"
[2021-04-14T14:12:12.889] [INFO] access - ::1 - - "GET /styles/bin/bootstrap.min.css HTTP/1.1" 200 161409 "http://localhost:3000/" "Mozilla/5.0 (Windows NT 10.0; Win64; x64) AppleWebKit/537.36 (KHTML, like Gecko) Chrome/89.0.4389.114 Safari/537.36"
[2021-04-14T14:12:12.890] [INFO] access - ::1 - - "GET /styles/bin/bootstrap-table.min.css HTTP/1.1" 200 9231 "http://localhost:3000/" "Mozilla/5.0 (Windows NT 10.0; Win64; x64) AppleWebKit/537.36 (KHTML, like Gecko) Chrome/89.0.4389.114 Safari/537.36"
[2021-04-14T14:12:12.891] [INFO] access - ::1 - - "GET /styles/bin/bootstrapValidator.min.css HTTP/1.1" 200 694 "http://localhost:3000/" "Mozilla/5.0 (Windows NT 10.0; Win64; x64) AppleWebKit/537.36 (KHTML, like Gecko) Chrome/89.0.4389.114 Safari/537.36"
[2021-04-14T14:12:12.892] [INFO] access - ::1 - - "GET /js/bin/jquery.min.js HTTP/1.1" 200 89501 "http://localhost:3000/" "Mozilla/5.0 (Windows NT 10.0; Win64; x64) AppleWebKit/537.36 (KHTML, like Gecko) Chrome/89.0.4389.114 Safari/537.36"
[2021-04-14T14:12:12.933] [INFO] access - ::1 - - "GET /js/bin/bootstrap.min.js HTTP/1.1" 200 63467 "http://localhost:3000/" "Mozilla/5.0 (Windows NT 10.0; Win64; x64) AppleWebKit/537.36 (KHTML, like Gecko) Chrome/89.0.4389.114 Safari/537.36"
[2021-04-14T14:12:12.934] [INFO] access - ::1 - - "GET /js/bin/bootstrap-table.min.js HTTP/1.1" 200 120705 "http://localhost:3000/" "Mozilla/5.0 (Windows NT 10.0; Win64; x64) AppleWebKit/537.36 (KHTML, like Gecko) Chrome/89.0.4389.114 Safari/537.36"
[2021-04-14T14:12:12.944] [INFO] access - ::1 - - "GET /js//bin/bootstrapValidator.min.js HTTP/1.1" 200 110933 "http://localhost:3000/" "Mozilla/5.0 (Windows NT 10.0; Win64; x64) AppleWebKit/537.36 (KHTML, like Gecko) Chrome/89.0.4389.114 Safari/537.36"
[2021-04-14T14:12:12.955] [INFO] access - ::1 - - "GET /js/utils/rem.js HTTP/1.1" 200 1173 "http://localhost:3000/" "Mozilla/5.0 (Windows NT 10.0; Win64; x64) AppleWebKit/537.36 (KHTML, like Gecko) Chrome/89.0.4389.114 Safari/537.36"
[2021-04-14T14:12:13.072] [INFO] access - ::1 - - "GET /js/bin/bootstrap.min.js.map HTTP/1.1" 404 - "" "Mozilla/5.0 (Windows NT 10.0; Win64; x64) AppleWebKit/537.36 (KHTML, like Gecko) Chrome/89.0.4389.114 Safari/537.36"
[2021-04-14T14:12:13.171] [INFO] access - ::1 - - "GET /styles/bin/bootstrap.min.css.map HTTP/1.1" 404 - "" "Mozilla/5.0 (Windows NT 10.0; Win64; x64) AppleWebKit/537.36 (KHTML, like Gecko) Chrome/89.0.4389.114 Safari/537.36"
[2021-04-14T14:12:21.640] [INFO] access - ::1 - - "GET / HTTP/1.1" 200 1191 "" "Mozilla/5.0 (Windows NT 10.0; Win64; x64) AppleWebKit/537.36 (KHTML, like Gecko) Chrome/89.0.4389.114 Safari/537.36"
[2021-04-14T14:12:21.756] [INFO] access - ::1 - - "GET /styles/common/style.css HTTP/1.1" 200 693 "http://localhost:3000/" "Mozilla/5.0 (Windows NT 10.0; Win64; x64) AppleWebKit/537.36 (KHTML, like Gecko) Chrome/89.0.4389.114 Safari/537.36"
[2021-04-14T14:12:21.757] [INFO] access - ::1 - - "GET /styles/home/index.css HTTP/1.1" 200 909 "http://localhost:3000/" "Mozilla/5.0 (Windows NT 10.0; Win64; x64) AppleWebKit/537.36 (KHTML, like Gecko) Chrome/89.0.4389.114 Safari/537.36"
[2021-04-14T14:12:21.757] [INFO] access - ::1 - - "GET /styles/bin/bootstrap.min.css HTTP/1.1" 200 161409 "http://localhost:3000/" "Mozilla/5.0 (Windows NT 10.0; Win64; x64) AppleWebKit/537.36 (KHTML, like Gecko) Chrome/89.0.4389.114 Safari/537.36"
[2021-04-14T14:12:21.758] [INFO] access - ::1 - - "GET /js/bin/jquery.min.js HTTP/1.1" 200 89501 "http://localhost:3000/" "Mozilla/5.0 (Windows NT 10.0; Win64; x64) AppleWebKit/537.36 (KHTML, like Gecko) Chrome/89.0.4389.114 Safari/537.36"
[2021-04-14T14:12:21.760] [INFO] access - ::1 - - "GET /styles/bin/bootstrapValidator.min.css HTTP/1.1" 200 694 "http://localhost:3000/" "Mozilla/5.0 (Windows NT 10.0; Win64; x64) AppleWebKit/537.36 (KHTML, like Gecko) Chrome/89.0.4389.114 Safari/537.36"
[2021-04-14T14:12:21.760] [INFO] access - ::1 - - "GET /styles/bin/bootstrap-table.min.css HTTP/1.1" 200 9231 "http://localhost:3000/" "Mozilla/5.0 (Windows NT 10.0; Win64; x64) AppleWebKit/537.36 (KHTML, like Gecko) Chrome/89.0.4389.114 Safari/537.36"
[2021-04-14T14:12:21.792] [INFO] access - ::1 - - "GET /js/bin/bootstrap.min.js HTTP/1.1" 200 63467 "http://localhost:3000/" "Mozilla/5.0 (Windows NT 10.0; Win64; x64) AppleWebKit/537.36 (KHTML, like Gecko) Chrome/89.0.4389.114 Safari/537.36"
[2021-04-14T14:12:21.794] [INFO] access - ::1 - - "GET /js/bin/bootstrap-table.min.js HTTP/1.1" 200 120705 "http://localhost:3000/" "Mozilla/5.0 (Windows NT 10.0; Win64; x64) AppleWebKit/537.36 (KHTML, like Gecko) Chrome/89.0.4389.114 Safari/537.36"
[2021-04-14T14:12:21.812] [INFO] access - ::1 - - "GET /js//bin/bootstrapValidator.min.js HTTP/1.1" 200 110933 "http://localhost:3000/" "Mozilla/5.0 (Windows NT 10.0; Win64; x64) AppleWebKit/537.36 (KHTML, like Gecko) Chrome/89.0.4389.114 Safari/537.36"
[2021-04-14T14:12:21.813] [INFO] access - ::1 - - "GET /js/utils/rem.js HTTP/1.1" 200 1173 "http://localhost:3000/" "Mozilla/5.0 (Windows NT 10.0; Win64; x64) AppleWebKit/537.36 (KHTML, like Gecko) Chrome/89.0.4389.114 Safari/537.36"
[2021-04-14T14:12:21.894] [INFO] access - ::1 - - "GET /js/bin/bootstrap.min.js.map HTTP/1.1" 404 - "" "Mozilla/5.0 (Windows NT 10.0; Win64; x64) AppleWebKit/537.36 (KHTML, like Gecko) Chrome/89.0.4389.114 Safari/537.36"
[2021-04-14T14:12:22.070] [INFO] access - ::1 - - "GET /styles/bin/bootstrap.min.css.map HTTP/1.1" 404 - "" "Mozilla/5.0 (Windows NT 10.0; Win64; x64) AppleWebKit/537.36 (KHTML, like Gecko) Chrome/89.0.4389.114 Safari/537.36"
[2021-04-14T14:12:31.689] [INFO] access - ::1 - - "GET / HTTP/1.1" 200 1191 "" "Mozilla/5.0 (Windows NT 10.0; Win64; x64) AppleWebKit/537.36 (KHTML, like Gecko) Chrome/89.0.4389.114 Safari/537.36"
[2021-04-14T14:12:31.782] [INFO] access - ::1 - - "GET /styles/common/style.css HTTP/1.1" 200 693 "http://localhost:3000/" "Mozilla/5.0 (Windows NT 10.0; Win64; x64) AppleWebKit/537.36 (KHTML, like Gecko) Chrome/89.0.4389.114 Safari/537.36"
[2021-04-14T14:12:31.782] [INFO] access - ::1 - - "GET /styles/home/index.css HTTP/1.1" 200 909 "http://localhost:3000/" "Mozilla/5.0 (Windows NT 10.0; Win64; x64) AppleWebKit/537.36 (KHTML, like Gecko) Chrome/89.0.4389.114 Safari/537.36"
[2021-04-14T14:12:31.786] [INFO] access - ::1 - - "GET /styles/bin/bootstrap.min.css HTTP/1.1" 200 161409 "http://localhost:3000/" "Mozilla/5.0 (Windows NT 10.0; Win64; x64) AppleWebKit/537.36 (KHTML, like Gecko) Chrome/89.0.4389.114 Safari/537.36"
[2021-04-14T14:12:31.788] [INFO] access - ::1 - - "GET /styles/bin/bootstrap-table.min.css HTTP/1.1" 200 9231 "http://localhost:3000/" "Mozilla/5.0 (Windows NT 10.0; Win64; x64) AppleWebKit/537.36 (KHTML, like Gecko) Chrome/89.0.4389.114 Safari/537.36"
[2021-04-14T14:12:31.789] [INFO] access - ::1 - - "GET /styles/bin/bootstrapValidator.min.css HTTP/1.1" 200 694 "http://localhost:3000/" "Mozilla/5.0 (Windows NT 10.0; Win64; x64) AppleWebKit/537.36 (KHTML, like Gecko) Chrome/89.0.4389.114 Safari/537.36"
[2021-04-14T14:12:31.792] [INFO] access - ::1 - - "GET /js/bin/jquery.min.js HTTP/1.1" 200 89501 "http://localhost:3000/" "Mozilla/5.0 (Windows NT 10.0; Win64; x64) AppleWebKit/537.36 (KHTML, like Gecko) Chrome/89.0.4389.114 Safari/537.36"
[2021-04-14T14:12:31.832] [INFO] access - ::1 - - "GET /js/bin/bootstrap.min.js HTTP/1.1" 200 63467 "http://localhost:3000/" "Mozilla/5.0 (Windows NT 10.0; Win64; x64) AppleWebKit/537.36 (KHTML, like Gecko) Chrome/89.0.4389.114 Safari/537.36"
[2021-04-14T14:12:31.839] [INFO] access - ::1 - - "GET /js/bin/bootstrap-table.min.js HTTP/1.1" 200 120705 "http://localhost:3000/" "Mozilla/5.0 (Windows NT 10.0; Win64; x64) AppleWebKit/537.36 (KHTML, like Gecko) Chrome/89.0.4389.114 Safari/537.36"
[2021-04-14T14:12:31.856] [INFO] access - ::1 - - "GET /js//bin/bootstrapValidator.min.js HTTP/1.1" 200 110933 "http://localhost:3000/" "Mozilla/5.0 (Windows NT 10.0; Win64; x64) AppleWebKit/537.36 (KHTML, like Gecko) Chrome/89.0.4389.114 Safari/537.36"
[2021-04-14T14:12:31.862] [INFO] access - ::1 - - "GET /js/utils/rem.js HTTP/1.1" 200 1173 "http://localhost:3000/" "Mozilla/5.0 (Windows NT 10.0; Win64; x64) AppleWebKit/537.36 (KHTML, like Gecko) Chrome/89.0.4389.114 Safari/537.36"
[2021-04-14T14:12:31.942] [INFO] access - ::1 - - "GET /js/bin/bootstrap.min.js.map HTTP/1.1" 404 - "" "Mozilla/5.0 (Windows NT 10.0; Win64; x64) AppleWebKit/537.36 (KHTML, like Gecko) Chrome/89.0.4389.114 Safari/537.36"
[2021-04-14T14:12:32.032] [INFO] access - ::1 - - "GET /styles/bin/bootstrap.min.css.map HTTP/1.1" 404 - "" "Mozilla/5.0 (Windows NT 10.0; Win64; x64) AppleWebKit/537.36 (KHTML, like Gecko) Chrome/89.0.4389.114 Safari/537.36"
[2021-04-14T14:12:41.410] [INFO] access - ::1 - - "GET / HTTP/1.1" 200 1199 "" "Mozilla/5.0 (Windows NT 10.0; Win64; x64) AppleWebKit/537.36 (KHTML, like Gecko) Chrome/89.0.4389.114 Safari/537.36"
[2021-04-14T14:12:41.513] [INFO] access - ::1 - - "GET /styles/common/style.css HTTP/1.1" 200 693 "http://localhost:3000/" "Mozilla/5.0 (Windows NT 10.0; Win64; x64) AppleWebKit/537.36 (KHTML, like Gecko) Chrome/89.0.4389.114 Safari/537.36"
[2021-04-14T14:12:41.514] [INFO] access - ::1 - - "GET /styles/home/index.css HTTP/1.1" 200 909 "http://localhost:3000/" "Mozilla/5.0 (Windows NT 10.0; Win64; x64) AppleWebKit/537.36 (KHTML, like Gecko) Chrome/89.0.4389.114 Safari/537.36"
[2021-04-14T14:12:41.515] [INFO] access - ::1 - - "GET /styles/bin/bootstrap.min.css HTTP/1.1" 200 161409 "http://localhost:3000/" "Mozilla/5.0 (Windows NT 10.0; Win64; x64) AppleWebKit/537.36 (KHTML, like Gecko) Chrome/89.0.4389.114 Safari/537.36"
[2021-04-14T14:12:41.515] [INFO] access - ::1 - - "GET /styles/bin/bootstrap-table.min.css HTTP/1.1" 200 9231 "http://localhost:3000/" "Mozilla/5.0 (Windows NT 10.0; Win64; x64) AppleWebKit/537.36 (KHTML, like Gecko) Chrome/89.0.4389.114 Safari/537.36"
[2021-04-14T14:12:41.516] [INFO] access - ::1 - - "GET /styles/bin/bootstrapValidator.min.css HTTP/1.1" 200 694 "http://localhost:3000/" "Mozilla/5.0 (Windows NT 10.0; Win64; x64) AppleWebKit/537.36 (KHTML, like Gecko) Chrome/89.0.4389.114 Safari/537.36"
[2021-04-14T14:12:41.517] [INFO] access - ::1 - - "GET /js/bin/jquery.min.js HTTP/1.1" 200 89501 "http://localhost:3000/" "Mozilla/5.0 (Windows NT 10.0; Win64; x64) AppleWebKit/537.36 (KHTML, like Gecko) Chrome/89.0.4389.114 Safari/537.36"
[2021-04-14T14:12:41.577] [INFO] access - ::1 - - "GET /js/bin/bootstrap.min.js HTTP/1.1" 200 63467 "http://localhost:3000/" "Mozilla/5.0 (Windows NT 10.0; Win64; x64) AppleWebKit/537.36 (KHTML, like Gecko) Chrome/89.0.4389.114 Safari/537.36"
[2021-04-14T14:12:41.578] [INFO] access - ::1 - - "GET /js/bin/bootstrap-table.min.js HTTP/1.1" 200 120705 "http://localhost:3000/" "Mozilla/5.0 (Windows NT 10.0; Win64; x64) AppleWebKit/537.36 (KHTML, like Gecko) Chrome/89.0.4389.114 Safari/537.36"
[2021-04-14T14:12:41.579] [INFO] access - ::1 - - "GET /js//bin/bootstrapValidator.min.js HTTP/1.1" 200 110933 "http://localhost:3000/" "Mozilla/5.0 (Windows NT 10.0; Win64; x64) AppleWebKit/537.36 (KHTML, like Gecko) Chrome/89.0.4389.114 Safari/537.36"
[2021-04-14T14:12:41.579] [INFO] access - ::1 - - "GET /js/utils/rem.js HTTP/1.1" 200 1173 "http://localhost:3000/" "Mozilla/5.0 (Windows NT 10.0; Win64; x64) AppleWebKit/537.36 (KHTML, like Gecko) Chrome/89.0.4389.114 Safari/537.36"
[2021-04-14T14:12:41.659] [INFO] access - ::1 - - "GET /js/bin/bootstrap.min.js.map HTTP/1.1" 404 - "" "Mozilla/5.0 (Windows NT 10.0; Win64; x64) AppleWebKit/537.36 (KHTML, like Gecko) Chrome/89.0.4389.114 Safari/537.36"
[2021-04-14T14:12:41.755] [INFO] access - ::1 - - "GET /styles/bin/bootstrap.min.css.map HTTP/1.1" 404 - "" "Mozilla/5.0 (Windows NT 10.0; Win64; x64) AppleWebKit/537.36 (KHTML, like Gecko) Chrome/89.0.4389.114 Safari/537.36"
[2021-04-14T14:16:21.732] [INFO] access - ::ffff:127.0.0.1 - - "GET / HTTP/1.1" 200 1195 "" "Mozilla/5.0 (Windows NT 10.0; Win64; x64) AppleWebKit/537.36 (KHTML, like Gecko) Chrome/89.0.4389.114 Safari/537.36"
[2021-04-14T14:16:22.693] [INFO] access - ::ffff:127.0.0.1 - - "GET /styles/common/style.css HTTP/1.1" 200 693 "http://localhost:3000/" "Mozilla/5.0 (Windows NT 10.0; Win64; x64) AppleWebKit/537.36 (KHTML, like Gecko) Chrome/89.0.4389.114 Safari/537.36"
[2021-04-14T14:16:22.700] [INFO] access - ::ffff:127.0.0.1 - - "GET /styles/home/index.css HTTP/1.1" 200 909 "http://localhost:3000/" "Mozilla/5.0 (Windows NT 10.0; Win64; x64) AppleWebKit/537.36 (KHTML, like Gecko) Chrome/89.0.4389.114 Safari/537.36"
[2021-04-14T14:16:22.701] [INFO] access - ::1 - - "GET /js/bin/jquery.min.js HTTP/1.1" 200 89501 "http://localhost:3000/" "Mozilla/5.0 (Windows NT 10.0; Win64; x64) AppleWebKit/537.36 (KHTML, like Gecko) Chrome/89.0.4389.114 Safari/537.36"
[2021-04-14T14:16:22.799] [INFO] access - ::ffff:127.0.0.1 - - "GET /styles/bin/bootstrap.min.css HTTP/1.1" 200 161409 "http://localhost:3000/" "Mozilla/5.0 (Windows NT 10.0; Win64; x64) AppleWebKit/537.36 (KHTML, like Gecko) Chrome/89.0.4389.114 Safari/537.36"
[2021-04-14T14:16:22.799] [INFO] access - ::1 - - "GET /styles/bin/bootstrap-table.min.css HTTP/1.1" 200 9231 "http://localhost:3000/" "Mozilla/5.0 (Windows NT 10.0; Win64; x64) AppleWebKit/537.36 (KHTML, like Gecko) Chrome/89.0.4389.114 Safari/537.36"
[2021-04-14T14:16:22.800] [INFO] access - ::1 - - "GET /styles/bin/bootstrapValidator.min.css HTTP/1.1" 200 694 "http://localhost:3000/" "Mozilla/5.0 (Windows NT 10.0; Win64; x64) AppleWebKit/537.36 (KHTML, like Gecko) Chrome/89.0.4389.114 Safari/537.36"
[2021-04-14T14:16:22.803] [INFO] access - ::ffff:127.0.0.1 - - "GET /js/bin/bootstrap.min.js HTTP/1.1" 200 63467 "http://localhost:3000/" "Mozilla/5.0 (Windows NT 10.0; Win64; x64) AppleWebKit/537.36 (KHTML, like Gecko) Chrome/89.0.4389.114 Safari/537.36"
[2021-04-14T14:16:22.804] [INFO] access - ::ffff:127.0.0.1 - - "GET /js/bin/bootstrap-table.min.js HTTP/1.1" 200 120705 "http://localhost:3000/" "Mozilla/5.0 (Windows NT 10.0; Win64; x64) AppleWebKit/537.36 (KHTML, like Gecko) Chrome/89.0.4389.114 Safari/537.36"
[2021-04-14T14:16:22.805] [INFO] access - ::1 - - "GET /js//bin/bootstrapValidator.min.js HTTP/1.1" 200 110933 "http://localhost:3000/" "Mozilla/5.0 (Windows NT 10.0; Win64; x64) AppleWebKit/537.36 (KHTML, like Gecko) Chrome/89.0.4389.114 Safari/537.36"
[2021-04-14T14:16:22.922] [INFO] access - ::1 - - "GET /js/utils/rem.js HTTP/1.1" 200 1173 "http://localhost:3000/" "Mozilla/5.0 (Windows NT 10.0; Win64; x64) AppleWebKit/537.36 (KHTML, like Gecko) Chrome/89.0.4389.114 Safari/537.36"
[2021-04-14T14:16:24.286] [INFO] access - ::ffff:127.0.0.1 - - "GET /js/bin/bootstrap.min.js.map HTTP/1.1" 404 - "" "Mozilla/5.0 (Windows NT 10.0; Win64; x64) AppleWebKit/537.36 (KHTML, like Gecko) Chrome/89.0.4389.114 Safari/537.36"
[2021-04-14T14:16:24.340] [INFO] access - ::ffff:127.0.0.1 - - "GET /styles/bin/bootstrap.min.css.map HTTP/1.1" 404 - "" "Mozilla/5.0 (Windows NT 10.0; Win64; x64) AppleWebKit/537.36 (KHTML, like Gecko) Chrome/89.0.4389.114 Safari/537.36"
[2021-04-14T14:16:31.972] [INFO] access - ::1 - - "GET / HTTP/1.1" 200 1191 "" "Mozilla/5.0 (Windows NT 10.0; Win64; x64) AppleWebKit/537.36 (KHTML, like Gecko) Chrome/89.0.4389.114 Safari/537.36"
[2021-04-14T14:16:32.101] [INFO] access - ::1 - - "GET /styles/home/index.css HTTP/1.1" 200 909 "http://localhost:3000/" "Mozilla/5.0 (Windows NT 10.0; Win64; x64) AppleWebKit/537.36 (KHTML, like Gecko) Chrome/89.0.4389.114 Safari/537.36"
[2021-04-14T14:16:32.102] [INFO] access - ::1 - - "GET /styles/common/style.css HTTP/1.1" 200 693 "http://localhost:3000/" "Mozilla/5.0 (Windows NT 10.0; Win64; x64) AppleWebKit/537.36 (KHTML, like Gecko) Chrome/89.0.4389.114 Safari/537.36"
[2021-04-14T14:16:32.103] [INFO] access - ::1 - - "GET /styles/bin/bootstrap.min.css HTTP/1.1" 200 161409 "http://localhost:3000/" "Mozilla/5.0 (Windows NT 10.0; Win64; x64) AppleWebKit/537.36 (KHTML, like Gecko) Chrome/89.0.4389.114 Safari/537.36"
[2021-04-14T14:16:32.104] [INFO] access - ::1 - - "GET /js/bin/jquery.min.js HTTP/1.1" 200 89501 "http://localhost:3000/" "Mozilla/5.0 (Windows NT 10.0; Win64; x64) AppleWebKit/537.36 (KHTML, like Gecko) Chrome/89.0.4389.114 Safari/537.36"
[2021-04-14T14:16:32.105] [INFO] access - ::1 - - "GET /styles/bin/bootstrap-table.min.css HTTP/1.1" 200 9231 "http://localhost:3000/" "Mozilla/5.0 (Windows NT 10.0; Win64; x64) AppleWebKit/537.36 (KHTML, like Gecko) Chrome/89.0.4389.114 Safari/537.36"
[2021-04-14T14:16:32.106] [INFO] access - ::1 - - "GET /styles/bin/bootstrapValidator.min.css HTTP/1.1" 200 694 "http://localhost:3000/" "Mozilla/5.0 (Windows NT 10.0; Win64; x64) AppleWebKit/537.36 (KHTML, like Gecko) Chrome/89.0.4389.114 Safari/537.36"
[2021-04-14T14:16:32.242] [INFO] access - ::1 - - "GET /js/bin/bootstrap.min.js HTTP/1.1" 200 63467 "http://localhost:3000/" "Mozilla/5.0 (Windows NT 10.0; Win64; x64) AppleWebKit/537.36 (KHTML, like Gecko) Chrome/89.0.4389.114 Safari/537.36"
[2021-04-14T14:16:32.243] [INFO] access - ::1 - - "GET /js/bin/bootstrap-table.min.js HTTP/1.1" 200 120705 "http://localhost:3000/" "Mozilla/5.0 (Windows NT 10.0; Win64; x64) AppleWebKit/537.36 (KHTML, like Gecko) Chrome/89.0.4389.114 Safari/537.36"
[2021-04-14T14:16:32.244] [INFO] access - ::1 - - "GET /js/utils/rem.js HTTP/1.1" 200 1173 "http://localhost:3000/" "Mozilla/5.0 (Windows NT 10.0; Win64; x64) AppleWebKit/537.36 (KHTML, like Gecko) Chrome/89.0.4389.114 Safari/537.36"
[2021-04-14T14:16:32.244] [INFO] access - ::1 - - "GET /js//bin/bootstrapValidator.min.js HTTP/1.1" 200 110933 "http://localhost:3000/" "Mozilla/5.0 (Windows NT 10.0; Win64; x64) AppleWebKit/537.36 (KHTML, like Gecko) Chrome/89.0.4389.114 Safari/537.36"
[2021-04-14T14:16:32.344] [INFO] access - ::1 - - "GET /js/bin/bootstrap.min.js.map HTTP/1.1" 404 - "" "Mozilla/5.0 (Windows NT 10.0; Win64; x64) AppleWebKit/537.36 (KHTML, like Gecko) Chrome/89.0.4389.114 Safari/537.36"
[2021-04-14T14:16:32.465] [INFO] access - ::1 - - "GET /styles/bin/bootstrap.min.css.map HTTP/1.1" 404 - "" "Mozilla/5.0 (Windows NT 10.0; Win64; x64) AppleWebKit/537.36 (KHTML, like Gecko) Chrome/89.0.4389.114 Safari/537.36"
[2021-04-14T14:19:19.575] [INFO] access - ::1 - - "GET / HTTP/1.1" 200 1191 "" "Mozilla/5.0 (Windows NT 10.0; Win64; x64) AppleWebKit/537.36 (KHTML, like Gecko) Chrome/89.0.4389.114 Safari/537.36"
[2021-04-14T14:19:19.664] [INFO] access - ::1 - - "GET /styles/common/style.css HTTP/1.1" 200 693 "http://localhost:3000/" "Mozilla/5.0 (Windows NT 10.0; Win64; x64) AppleWebKit/537.36 (KHTML, like Gecko) Chrome/89.0.4389.114 Safari/537.36"
[2021-04-14T14:19:19.665] [INFO] access - ::1 - - "GET /styles/bin/bootstrap.min.css HTTP/1.1" 200 161409 "http://localhost:3000/" "Mozilla/5.0 (Windows NT 10.0; Win64; x64) AppleWebKit/537.36 (KHTML, like Gecko) Chrome/89.0.4389.114 Safari/537.36"
[2021-04-14T14:19:19.666] [INFO] access - ::1 - - "GET /styles/bin/bootstrap-table.min.css HTTP/1.1" 200 9231 "http://localhost:3000/" "Mozilla/5.0 (Windows NT 10.0; Win64; x64) AppleWebKit/537.36 (KHTML, like Gecko) Chrome/89.0.4389.114 Safari/537.36"
[2021-04-14T14:19:19.667] [INFO] access - ::1 - - "GET /styles/home/index.css HTTP/1.1" 200 909 "http://localhost:3000/" "Mozilla/5.0 (Windows NT 10.0; Win64; x64) AppleWebKit/537.36 (KHTML, like Gecko) Chrome/89.0.4389.114 Safari/537.36"
[2021-04-14T14:19:19.668] [INFO] access - ::1 - - "GET /styles/bin/bootstrapValidator.min.css HTTP/1.1" 200 694 "http://localhost:3000/" "Mozilla/5.0 (Windows NT 10.0; Win64; x64) AppleWebKit/537.36 (KHTML, like Gecko) Chrome/89.0.4389.114 Safari/537.36"
[2021-04-14T14:19:19.669] [INFO] access - ::1 - - "GET /js/bin/jquery.min.js HTTP/1.1" 200 89501 "http://localhost:3000/" "Mozilla/5.0 (Windows NT 10.0; Win64; x64) AppleWebKit/537.36 (KHTML, like Gecko) Chrome/89.0.4389.114 Safari/537.36"
[2021-04-14T14:19:19.823] [INFO] access - ::1 - - "GET /js/bin/bootstrap.min.js HTTP/1.1" 200 63467 "http://localhost:3000/" "Mozilla/5.0 (Windows NT 10.0; Win64; x64) AppleWebKit/537.36 (KHTML, like Gecko) Chrome/89.0.4389.114 Safari/537.36"
[2021-04-14T14:19:19.823] [INFO] access - ::1 - - "GET /js/bin/bootstrap-table.min.js HTTP/1.1" 200 120705 "http://localhost:3000/" "Mozilla/5.0 (Windows NT 10.0; Win64; x64) AppleWebKit/537.36 (KHTML, like Gecko) Chrome/89.0.4389.114 Safari/537.36"
[2021-04-14T14:19:19.824] [INFO] access - ::1 - - "GET /js//bin/bootstrapValidator.min.js HTTP/1.1" 200 110933 "http://localhost:3000/" "Mozilla/5.0 (Windows NT 10.0; Win64; x64) AppleWebKit/537.36 (KHTML, like Gecko) Chrome/89.0.4389.114 Safari/537.36"
[2021-04-14T14:19:19.824] [INFO] access - ::1 - - "GET /js/utils/rem.js HTTP/1.1" 200 1173 "http://localhost:3000/" "Mozilla/5.0 (Windows NT 10.0; Win64; x64) AppleWebKit/537.36 (KHTML, like Gecko) Chrome/89.0.4389.114 Safari/537.36"
[2021-04-14T14:19:19.891] [INFO] access - ::1 - - "GET /js/bin/bootstrap.min.js.map HTTP/1.1" 404 - "" "Mozilla/5.0 (Windows NT 10.0; Win64; x64) AppleWebKit/537.36 (KHTML, like Gecko) Chrome/89.0.4389.114 Safari/537.36"
[2021-04-14T14:19:19.997] [INFO] access - ::1 - - "GET /styles/bin/bootstrap.min.css.map HTTP/1.1" 404 - "" "Mozilla/5.0 (Windows NT 10.0; Win64; x64) AppleWebKit/537.36 (KHTML, like Gecko) Chrome/89.0.4389.114 Safari/537.36"
[2021-04-14T14:19:41.279] [INFO] access - ::1 - - "GET / HTTP/1.1" 200 1191 "" "Mozilla/5.0 (Windows NT 10.0; Win64; x64) AppleWebKit/537.36 (KHTML, like Gecko) Chrome/89.0.4389.114 Safari/537.36"
[2021-04-14T14:19:41.412] [INFO] access - ::1 - - "GET /styles/common/style.css HTTP/1.1" 200 693 "http://localhost:3000/" "Mozilla/5.0 (Windows NT 10.0; Win64; x64) AppleWebKit/537.36 (KHTML, like Gecko) Chrome/89.0.4389.114 Safari/537.36"
[2021-04-14T14:19:41.418] [INFO] access - ::ffff:127.0.0.1 - - "GET /styles/bin/bootstrap.min.css HTTP/1.1" 200 161409 "http://localhost:3000/" "Mozilla/5.0 (Windows NT 10.0; Win64; x64) AppleWebKit/537.36 (KHTML, like Gecko) Chrome/89.0.4389.114 Safari/537.36"
[2021-04-14T14:19:41.419] [INFO] access - ::ffff:127.0.0.1 - - "GET /styles/home/index.css HTTP/1.1" 200 909 "http://localhost:3000/" "Mozilla/5.0 (Windows NT 10.0; Win64; x64) AppleWebKit/537.36 (KHTML, like Gecko) Chrome/89.0.4389.114 Safari/537.36"
[2021-04-14T14:19:41.420] [INFO] access - ::1 - - "GET /styles/bin/bootstrap-table.min.css HTTP/1.1" 200 9231 "http://localhost:3000/" "Mozilla/5.0 (Windows NT 10.0; Win64; x64) AppleWebKit/537.36 (KHTML, like Gecko) Chrome/89.0.4389.114 Safari/537.36"
[2021-04-14T14:19:41.422] [INFO] access - ::1 - - "GET /styles/bin/bootstrapValidator.min.css HTTP/1.1" 200 694 "http://localhost:3000/" "Mozilla/5.0 (Windows NT 10.0; Win64; x64) AppleWebKit/537.36 (KHTML, like Gecko) Chrome/89.0.4389.114 Safari/537.36"
[2021-04-14T14:19:41.423] [INFO] access - ::1 - - "GET /js/bin/jquery.min.js HTTP/1.1" 200 89501 "http://localhost:3000/" "Mozilla/5.0 (Windows NT 10.0; Win64; x64) AppleWebKit/537.36 (KHTML, like Gecko) Chrome/89.0.4389.114 Safari/537.36"
[2021-04-14T14:19:41.466] [INFO] access - ::1 - - "GET /js/bin/bootstrap.min.js HTTP/1.1" 200 63467 "http://localhost:3000/" "Mozilla/5.0 (Windows NT 10.0; Win64; x64) AppleWebKit/537.36 (KHTML, like Gecko) Chrome/89.0.4389.114 Safari/537.36"
[2021-04-14T14:19:41.471] [INFO] access - ::ffff:127.0.0.1 - - "GET /js/bin/bootstrap-table.min.js HTTP/1.1" 200 120705 "http://localhost:3000/" "Mozilla/5.0 (Windows NT 10.0; Win64; x64) AppleWebKit/537.36 (KHTML, like Gecko) Chrome/89.0.4389.114 Safari/537.36"
[2021-04-14T14:19:41.521] [INFO] access - ::1 - - "GET /js//bin/bootstrapValidator.min.js HTTP/1.1" 200 110933 "http://localhost:3000/" "Mozilla/5.0 (Windows NT 10.0; Win64; x64) AppleWebKit/537.36 (KHTML, like Gecko) Chrome/89.0.4389.114 Safari/537.36"
[2021-04-14T14:19:41.522] [INFO] access - ::1 - - "GET /js/utils/rem.js HTTP/1.1" 200 1173 "http://localhost:3000/" "Mozilla/5.0 (Windows NT 10.0; Win64; x64) AppleWebKit/537.36 (KHTML, like Gecko) Chrome/89.0.4389.114 Safari/537.36"
[2021-04-14T14:19:41.592] [INFO] access - ::1 - - "GET /js/bin/bootstrap.min.js.map HTTP/1.1" 404 - "" "Mozilla/5.0 (Windows NT 10.0; Win64; x64) AppleWebKit/537.36 (KHTML, like Gecko) Chrome/89.0.4389.114 Safari/537.36"
[2021-04-14T14:19:41.679] [INFO] access - ::1 - - "GET /styles/bin/bootstrap.min.css.map HTTP/1.1" 404 - "" "Mozilla/5.0 (Windows NT 10.0; Win64; x64) AppleWebKit/537.36 (KHTML, like Gecko) Chrome/89.0.4389.114 Safari/537.36"
[2021-04-14T14:19:49.787] [INFO] access - ::1 - - "GET / HTTP/1.1" 200 1193 "" "Mozilla/5.0 (Windows NT 10.0; Win64; x64) AppleWebKit/537.36 (KHTML, like Gecko) Chrome/89.0.4389.114 Safari/537.36"
[2021-04-14T14:19:49.886] [INFO] access - ::1 - - "GET /styles/common/style.css HTTP/1.1" 200 693 "http://localhost:3000/" "Mozilla/5.0 (Windows NT 10.0; Win64; x64) AppleWebKit/537.36 (KHTML, like Gecko) Chrome/89.0.4389.114 Safari/537.36"
[2021-04-14T14:19:49.888] [INFO] access - ::1 - - "GET /styles/home/index.css HTTP/1.1" 200 909 "http://localhost:3000/" "Mozilla/5.0 (Windows NT 10.0; Win64; x64) AppleWebKit/537.36 (KHTML, like Gecko) Chrome/89.0.4389.114 Safari/537.36"
[2021-04-14T14:19:49.889] [INFO] access - ::1 - - "GET /styles/bin/bootstrap.min.css HTTP/1.1" 200 161409 "http://localhost:3000/" "Mozilla/5.0 (Windows NT 10.0; Win64; x64) AppleWebKit/537.36 (KHTML, like Gecko) Chrome/89.0.4389.114 Safari/537.36"
[2021-04-14T14:19:49.890] [INFO] access - ::1 - - "GET /styles/bin/bootstrap-table.min.css HTTP/1.1" 200 9231 "http://localhost:3000/" "Mozilla/5.0 (Windows NT 10.0; Win64; x64) AppleWebKit/537.36 (KHTML, like Gecko) Chrome/89.0.4389.114 Safari/537.36"
[2021-04-14T14:19:49.891] [INFO] access - ::1 - - "GET /js/bin/jquery.min.js HTTP/1.1" 200 89501 "http://localhost:3000/" "Mozilla/5.0 (Windows NT 10.0; Win64; x64) AppleWebKit/537.36 (KHTML, like Gecko) Chrome/89.0.4389.114 Safari/537.36"
[2021-04-14T14:19:49.892] [INFO] access - ::1 - - "GET /styles/bin/bootstrapValidator.min.css HTTP/1.1" 200 694 "http://localhost:3000/" "Mozilla/5.0 (Windows NT 10.0; Win64; x64) AppleWebKit/537.36 (KHTML, like Gecko) Chrome/89.0.4389.114 Safari/537.36"
[2021-04-14T14:19:49.938] [INFO] access - ::1 - - "GET /js/bin/bootstrap.min.js HTTP/1.1" 200 63467 "http://localhost:3000/" "Mozilla/5.0 (Windows NT 10.0; Win64; x64) AppleWebKit/537.36 (KHTML, like Gecko) Chrome/89.0.4389.114 Safari/537.36"
[2021-04-14T14:19:49.939] [INFO] access - ::1 - - "GET /js/bin/bootstrap-table.min.js HTTP/1.1" 200 120705 "http://localhost:3000/" "Mozilla/5.0 (Windows NT 10.0; Win64; x64) AppleWebKit/537.36 (KHTML, like Gecko) Chrome/89.0.4389.114 Safari/537.36"
[2021-04-14T14:19:49.991] [INFO] access - ::1 - - "GET /js//bin/bootstrapValidator.min.js HTTP/1.1" 200 110933 "http://localhost:3000/" "Mozilla/5.0 (Windows NT 10.0; Win64; x64) AppleWebKit/537.36 (KHTML, like Gecko) Chrome/89.0.4389.114 Safari/537.36"
[2021-04-14T14:19:49.992] [INFO] access - ::1 - - "GET /js/utils/rem.js HTTP/1.1" 200 1173 "http://localhost:3000/" "Mozilla/5.0 (Windows NT 10.0; Win64; x64) AppleWebKit/537.36 (KHTML, like Gecko) Chrome/89.0.4389.114 Safari/537.36"
[2021-04-14T14:19:50.157] [INFO] access - ::1 - - "GET /js/bin/bootstrap.min.js.map HTTP/1.1" 404 - "" "Mozilla/5.0 (Windows NT 10.0; Win64; x64) AppleWebKit/537.36 (KHTML, like Gecko) Chrome/89.0.4389.114 Safari/537.36"
[2021-04-14T14:19:50.272] [INFO] access - ::1 - - "GET /styles/bin/bootstrap.min.css.map HTTP/1.1" 404 - "" "Mozilla/5.0 (Windows NT 10.0; Win64; x64) AppleWebKit/537.36 (KHTML, like Gecko) Chrome/89.0.4389.114 Safari/537.36"
