[2021-04-16T10:00:48.955] [ERROR] application - Template render error: (D:\A-wangxh\H5-1816随堂练习\第三阶段\node+koa\vue-cli-plugin-generate\views\index.html)
  Template render error: (D:\A-wangxh\H5-1816随堂练习\第三阶段\node+koa\vue-cli-plugin-generate\views\common\template.html)
  unexpected end of file
    at Object._prettifyError (D:\A-wangxh\H5-1816随堂练习\第三阶段\node+koa\vue-cli-plugin-generate\node_modules\_nunjucks@3.2.3@nunjucks\src\lib.js:36:11)
    at D:\A-wangxh\H5-1816随堂练习\第三阶段\node+koa\vue-cli-plugin-generate\node_modules\_nunjucks@3.2.3@nunjucks\src\environment.js:563:19
    at Template.root [as rootRenderFunc] (eval at _compile (D:\A-wangxh\H5-1816随堂练习\第三阶段\node+koa\vue-cli-plugin-generate\node_modules\_nunjucks@3.2.3@nunjucks\src\environment.js:633:18), <anonymous>:26:3)
    at Template.render (D:\A-wangxh\H5-1816随堂练习\第三阶段\node+koa\vue-cli-plugin-generate\node_modules\_nunjucks@3.2.3@nunjucks\src\environment.js:552:10)
    at D:\A-wangxh\H5-1816随堂练习\第三阶段\node+koa\vue-cli-plugin-generate\node_modules\_nunjucks@3.2.3@nunjucks\src\environment.js:366:27
    at createTemplate (D:\A-wangxh\H5-1816随堂练习\第三阶段\node+koa\vue-cli-plugin-generate\node_modules\_nunjucks@3.2.3@nunjucks\src\environment.js:315:9)
    at handle (D:\A-wangxh\H5-1816随堂练习\第三阶段\node+koa\vue-cli-plugin-generate\node_modules\_nunjucks@3.2.3@nunjucks\src\environment.js:327:11)
    at D:\A-wangxh\H5-1816随堂练习\第三阶段\node+koa\vue-cli-plugin-generate\node_modules\_nunjucks@3.2.3@nunjucks\src\environment.js:339:9
    at next (D:\A-wangxh\H5-1816随堂练习\第三阶段\node+koa\vue-cli-plugin-generate\node_modules\_nunjucks@3.2.3@nunjucks\src\lib.js:328:7)
    at Object.asyncIter (D:\A-wangxh\H5-1816随堂练习\第三阶段\node+koa\vue-cli-plugin-generate\node_modules\_nunjucks@3.2.3@nunjucks\src\lib.js:334:3)
    at Environment.getTemplate (D:\A-wangxh\H5-1816随堂练习\第三阶段\node+koa\vue-cli-plugin-generate\node_modules\_nunjucks@3.2.3@nunjucks\src\environment.js:321:9)
    at Environment.render (D:\A-wangxh\H5-1816随堂练习\第三阶段\node+koa\vue-cli-plugin-generate\node_modules\_nunjucks@3.2.3@nunjucks\src\environment.js:360:10)
    at Environment.tryCatcher (D:\A-wangxh\H5-1816随堂练习\第三阶段\node+koa\vue-cli-plugin-generate\node_modules\_bluebird@3.7.2@bluebird\js\release\util.js:16:23)
    at Environment.ret [as renderAsync] (eval at makeNodePromisifiedEval (D:\A-wangxh\H5-1816随堂练习\第三阶段\node+koa\vue-cli-plugin-generate\node_modules\_bluebird@3.7.2@bluebird\js\release\promisify.js:184:12), <anonymous>:13:39)
    at _callee$ (D:\A-wangxh\H5-1816随堂练习\第三阶段\node+koa\vue-cli-plugin-generate\node_modules\_koa-nunjucks-2@3.0.2@koa-nunjucks-2\compiled.js:109:64)
    at tryCatch (D:\A-wangxh\H5-1816随堂练习\第三阶段\node+koa\vue-cli-plugin-generate\node_modules\_regenerator-runtime@0.11.1@regenerator-runtime\runtime.js:62:40)
    at Generator.invoke [as _invoke] (D:\A-wangxh\H5-1816随堂练习\第三阶段\node+koa\vue-cli-plugin-generate\node_modules\_regenerator-runtime@0.11.1@regenerator-runtime\runtime.js:296:22)
    at Generator.prototype.<computed> [as next] (D:\A-wangxh\H5-1816随堂练习\第三阶段\node+koa\vue-cli-plugin-generate\node_modules\_regenerator-runtime@0.11.1@regenerator-runtime\runtime.js:114:21)
    at step (D:\A-wangxh\H5-1816随堂练习\第三阶段\node+koa\vue-cli-plugin-generate\node_modules\_babel-runtime@6.26.0@babel-runtime\helpers\asyncToGenerator.js:17:30)
    at D:\A-wangxh\H5-1816随堂练习\第三阶段\node+koa\vue-cli-plugin-generate\node_modules\_babel-runtime@6.26.0@babel-runtime\helpers\asyncToGenerator.js:35:14
    at new Promise (<anonymous>)
    at new F (D:\A-wangxh\H5-1816随堂练习\第三阶段\node+koa\vue-cli-plugin-generate\node_modules\_core-js@2.6.12@core-js\library\modules\_export.js:36:28) {
  cause: Template render error: (D:\A-wangxh\H5-1816随堂练习\第三阶段\node+koa\vue-cli-plugin-generate\views\index.html)
    Template render error: (D:\A-wangxh\H5-1816随堂练习\第三阶段\node+koa\vue-cli-plugin-generate\views\common\template.html)
    unexpected end of file
      at Object._prettifyError (D:\A-wangxh\H5-1816随堂练习\第三阶段\node+koa\vue-cli-plugin-generate\node_modules\_nunjucks@3.2.3@nunjucks\src\lib.js:36:11)
      at D:\A-wangxh\H5-1816随堂练习\第三阶段\node+koa\vue-cli-plugin-generate\node_modules\_nunjucks@3.2.3@nunjucks\src\environment.js:563:19
      at Template.root [as rootRenderFunc] (eval at _compile (D:\A-wangxh\H5-1816随堂练习\第三阶段\node+koa\vue-cli-plugin-generate\node_modules\_nunjucks@3.2.3@nunjucks\src\environment.js:633:18), <anonymous>:26:3)
      at Template.render (D:\A-wangxh\H5-1816随堂练习\第三阶段\node+koa\vue-cli-plugin-generate\node_modules\_nunjucks@3.2.3@nunjucks\src\environment.js:552:10)
      at D:\A-wangxh\H5-1816随堂练习\第三阶段\node+koa\vue-cli-plugin-generate\node_modules\_nunjucks@3.2.3@nunjucks\src\environment.js:366:27
      at createTemplate (D:\A-wangxh\H5-1816随堂练习\第三阶段\node+koa\vue-cli-plugin-generate\node_modules\_nunjucks@3.2.3@nunjucks\src\environment.js:315:9)
      at handle (D:\A-wangxh\H5-1816随堂练习\第三阶段\node+koa\vue-cli-plugin-generate\node_modules\_nunjucks@3.2.3@nunjucks\src\environment.js:327:11)
      at D:\A-wangxh\H5-1816随堂练习\第三阶段\node+koa\vue-cli-plugin-generate\node_modules\_nunjucks@3.2.3@nunjucks\src\environment.js:339:9
      at next (D:\A-wangxh\H5-1816随堂练习\第三阶段\node+koa\vue-cli-plugin-generate\node_modules\_nunjucks@3.2.3@nunjucks\src\lib.js:328:7)
      at Object.asyncIter (D:\A-wangxh\H5-1816随堂练习\第三阶段\node+koa\vue-cli-plugin-generate\node_modules\_nunjucks@3.2.3@nunjucks\src\lib.js:334:3)
      at Environment.getTemplate (D:\A-wangxh\H5-1816随堂练习\第三阶段\node+koa\vue-cli-plugin-generate\node_modules\_nunjucks@3.2.3@nunjucks\src\environment.js:321:9)
      at Environment.render (D:\A-wangxh\H5-1816随堂练习\第三阶段\node+koa\vue-cli-plugin-generate\node_modules\_nunjucks@3.2.3@nunjucks\src\environment.js:360:10)
      at Environment.tryCatcher (D:\A-wangxh\H5-1816随堂练习\第三阶段\node+koa\vue-cli-plugin-generate\node_modules\_bluebird@3.7.2@bluebird\js\release\util.js:16:23)
      at Environment.ret [as renderAsync] (eval at makeNodePromisifiedEval (D:\A-wangxh\H5-1816随堂练习\第三阶段\node+koa\vue-cli-plugin-generate\node_modules\_bluebird@3.7.2@bluebird\js\release\promisify.js:184:12), <anonymous>:13:39)
      at _callee$ (D:\A-wangxh\H5-1816随堂练习\第三阶段\node+koa\vue-cli-plugin-generate\node_modules\_koa-nunjucks-2@3.0.2@koa-nunjucks-2\compiled.js:109:64)
      at tryCatch (D:\A-wangxh\H5-1816随堂练习\第三阶段\node+koa\vue-cli-plugin-generate\node_modules\_regenerator-runtime@0.11.1@regenerator-runtime\runtime.js:62:40)
      at Generator.invoke [as _invoke] (D:\A-wangxh\H5-1816随堂练习\第三阶段\node+koa\vue-cli-plugin-generate\node_modules\_regenerator-runtime@0.11.1@regenerator-runtime\runtime.js:296:22)
      at Generator.prototype.<computed> [as next] (D:\A-wangxh\H5-1816随堂练习\第三阶段\node+koa\vue-cli-plugin-generate\node_modules\_regenerator-runtime@0.11.1@regenerator-runtime\runtime.js:114:21)
      at step (D:\A-wangxh\H5-1816随堂练习\第三阶段\node+koa\vue-cli-plugin-generate\node_modules\_babel-runtime@6.26.0@babel-runtime\helpers\asyncToGenerator.js:17:30)
      at D:\A-wangxh\H5-1816随堂练习\第三阶段\node+koa\vue-cli-plugin-generate\node_modules\_babel-runtime@6.26.0@babel-runtime\helpers\asyncToGenerator.js:35:14
      at new Promise (<anonymous>)
      at new F (D:\A-wangxh\H5-1816随堂练习\第三阶段\node+koa\vue-cli-plugin-generate\node_modules\_core-js@2.6.12@core-js\library\modules\_export.js:36:28),
  isOperational: true
}
[2021-04-16T10:00:59.762] [ERROR] application - Template render error: (D:\A-wangxh\H5-1816随堂练习\第三阶段\node+koa\vue-cli-plugin-generate\views\index.html)
  Template render error: (D:\A-wangxh\H5-1816随堂练习\第三阶段\node+koa\vue-cli-plugin-generate\views\common\template.html)
  unexpected end of file
    at Object._prettifyError (D:\A-wangxh\H5-1816随堂练习\第三阶段\node+koa\vue-cli-plugin-generate\node_modules\_nunjucks@3.2.3@nunjucks\src\lib.js:36:11)
    at D:\A-wangxh\H5-1816随堂练习\第三阶段\node+koa\vue-cli-plugin-generate\node_modules\_nunjucks@3.2.3@nunjucks\src\environment.js:563:19
    at Template.root [as rootRenderFunc] (eval at _compile (D:\A-wangxh\H5-1816随堂练习\第三阶段\node+koa\vue-cli-plugin-generate\node_modules\_nunjucks@3.2.3@nunjucks\src\environment.js:633:18), <anonymous>:26:3)
    at Template.render (D:\A-wangxh\H5-1816随堂练习\第三阶段\node+koa\vue-cli-plugin-generate\node_modules\_nunjucks@3.2.3@nunjucks\src\environment.js:552:10)
    at D:\A-wangxh\H5-1816随堂练习\第三阶段\node+koa\vue-cli-plugin-generate\node_modules\_nunjucks@3.2.3@nunjucks\src\environment.js:366:27
    at createTemplate (D:\A-wangxh\H5-1816随堂练习\第三阶段\node+koa\vue-cli-plugin-generate\node_modules\_nunjucks@3.2.3@nunjucks\src\environment.js:315:9)
    at handle (D:\A-wangxh\H5-1816随堂练习\第三阶段\node+koa\vue-cli-plugin-generate\node_modules\_nunjucks@3.2.3@nunjucks\src\environment.js:327:11)
    at D:\A-wangxh\H5-1816随堂练习\第三阶段\node+koa\vue-cli-plugin-generate\node_modules\_nunjucks@3.2.3@nunjucks\src\environment.js:339:9
    at next (D:\A-wangxh\H5-1816随堂练习\第三阶段\node+koa\vue-cli-plugin-generate\node_modules\_nunjucks@3.2.3@nunjucks\src\lib.js:328:7)
    at Object.asyncIter (D:\A-wangxh\H5-1816随堂练习\第三阶段\node+koa\vue-cli-plugin-generate\node_modules\_nunjucks@3.2.3@nunjucks\src\lib.js:334:3)
    at Environment.getTemplate (D:\A-wangxh\H5-1816随堂练习\第三阶段\node+koa\vue-cli-plugin-generate\node_modules\_nunjucks@3.2.3@nunjucks\src\environment.js:321:9)
    at Environment.render (D:\A-wangxh\H5-1816随堂练习\第三阶段\node+koa\vue-cli-plugin-generate\node_modules\_nunjucks@3.2.3@nunjucks\src\environment.js:360:10)
    at Environment.tryCatcher (D:\A-wangxh\H5-1816随堂练习\第三阶段\node+koa\vue-cli-plugin-generate\node_modules\_bluebird@3.7.2@bluebird\js\release\util.js:16:23)
    at Environment.ret [as renderAsync] (eval at makeNodePromisifiedEval (D:\A-wangxh\H5-1816随堂练习\第三阶段\node+koa\vue-cli-plugin-generate\node_modules\_bluebird@3.7.2@bluebird\js\release\promisify.js:184:12), <anonymous>:13:39)
    at _callee$ (D:\A-wangxh\H5-1816随堂练习\第三阶段\node+koa\vue-cli-plugin-generate\node_modules\_koa-nunjucks-2@3.0.2@koa-nunjucks-2\compiled.js:109:64)
    at tryCatch (D:\A-wangxh\H5-1816随堂练习\第三阶段\node+koa\vue-cli-plugin-generate\node_modules\_regenerator-runtime@0.11.1@regenerator-runtime\runtime.js:62:40)
    at Generator.invoke [as _invoke] (D:\A-wangxh\H5-1816随堂练习\第三阶段\node+koa\vue-cli-plugin-generate\node_modules\_regenerator-runtime@0.11.1@regenerator-runtime\runtime.js:296:22)
    at Generator.prototype.<computed> [as next] (D:\A-wangxh\H5-1816随堂练习\第三阶段\node+koa\vue-cli-plugin-generate\node_modules\_regenerator-runtime@0.11.1@regenerator-runtime\runtime.js:114:21)
    at step (D:\A-wangxh\H5-1816随堂练习\第三阶段\node+koa\vue-cli-plugin-generate\node_modules\_babel-runtime@6.26.0@babel-runtime\helpers\asyncToGenerator.js:17:30)
    at D:\A-wangxh\H5-1816随堂练习\第三阶段\node+koa\vue-cli-plugin-generate\node_modules\_babel-runtime@6.26.0@babel-runtime\helpers\asyncToGenerator.js:35:14
    at new Promise (<anonymous>)
    at new F (D:\A-wangxh\H5-1816随堂练习\第三阶段\node+koa\vue-cli-plugin-generate\node_modules\_core-js@2.6.12@core-js\library\modules\_export.js:36:28) {
  cause: Template render error: (D:\A-wangxh\H5-1816随堂练习\第三阶段\node+koa\vue-cli-plugin-generate\views\index.html)
    Template render error: (D:\A-wangxh\H5-1816随堂练习\第三阶段\node+koa\vue-cli-plugin-generate\views\common\template.html)
    unexpected end of file
      at Object._prettifyError (D:\A-wangxh\H5-1816随堂练习\第三阶段\node+koa\vue-cli-plugin-generate\node_modules\_nunjucks@3.2.3@nunjucks\src\lib.js:36:11)
      at D:\A-wangxh\H5-1816随堂练习\第三阶段\node+koa\vue-cli-plugin-generate\node_modules\_nunjucks@3.2.3@nunjucks\src\environment.js:563:19
      at Template.root [as rootRenderFunc] (eval at _compile (D:\A-wangxh\H5-1816随堂练习\第三阶段\node+koa\vue-cli-plugin-generate\node_modules\_nunjucks@3.2.3@nunjucks\src\environment.js:633:18), <anonymous>:26:3)
      at Template.render (D:\A-wangxh\H5-1816随堂练习\第三阶段\node+koa\vue-cli-plugin-generate\node_modules\_nunjucks@3.2.3@nunjucks\src\environment.js:552:10)
      at D:\A-wangxh\H5-1816随堂练习\第三阶段\node+koa\vue-cli-plugin-generate\node_modules\_nunjucks@3.2.3@nunjucks\src\environment.js:366:27
      at createTemplate (D:\A-wangxh\H5-1816随堂练习\第三阶段\node+koa\vue-cli-plugin-generate\node_modules\_nunjucks@3.2.3@nunjucks\src\environment.js:315:9)
      at handle (D:\A-wangxh\H5-1816随堂练习\第三阶段\node+koa\vue-cli-plugin-generate\node_modules\_nunjucks@3.2.3@nunjucks\src\environment.js:327:11)
      at D:\A-wangxh\H5-1816随堂练习\第三阶段\node+koa\vue-cli-plugin-generate\node_modules\_nunjucks@3.2.3@nunjucks\src\environment.js:339:9
      at next (D:\A-wangxh\H5-1816随堂练习\第三阶段\node+koa\vue-cli-plugin-generate\node_modules\_nunjucks@3.2.3@nunjucks\src\lib.js:328:7)
      at Object.asyncIter (D:\A-wangxh\H5-1816随堂练习\第三阶段\node+koa\vue-cli-plugin-generate\node_modules\_nunjucks@3.2.3@nunjucks\src\lib.js:334:3)
      at Environment.getTemplate (D:\A-wangxh\H5-1816随堂练习\第三阶段\node+koa\vue-cli-plugin-generate\node_modules\_nunjucks@3.2.3@nunjucks\src\environment.js:321:9)
      at Environment.render (D:\A-wangxh\H5-1816随堂练习\第三阶段\node+koa\vue-cli-plugin-generate\node_modules\_nunjucks@3.2.3@nunjucks\src\environment.js:360:10)
      at Environment.tryCatcher (D:\A-wangxh\H5-1816随堂练习\第三阶段\node+koa\vue-cli-plugin-generate\node_modules\_bluebird@3.7.2@bluebird\js\release\util.js:16:23)
      at Environment.ret [as renderAsync] (eval at makeNodePromisifiedEval (D:\A-wangxh\H5-1816随堂练习\第三阶段\node+koa\vue-cli-plugin-generate\node_modules\_bluebird@3.7.2@bluebird\js\release\promisify.js:184:12), <anonymous>:13:39)
      at _callee$ (D:\A-wangxh\H5-1816随堂练习\第三阶段\node+koa\vue-cli-plugin-generate\node_modules\_koa-nunjucks-2@3.0.2@koa-nunjucks-2\compiled.js:109:64)
      at tryCatch (D:\A-wangxh\H5-1816随堂练习\第三阶段\node+koa\vue-cli-plugin-generate\node_modules\_regenerator-runtime@0.11.1@regenerator-runtime\runtime.js:62:40)
      at Generator.invoke [as _invoke] (D:\A-wangxh\H5-1816随堂练习\第三阶段\node+koa\vue-cli-plugin-generate\node_modules\_regenerator-runtime@0.11.1@regenerator-runtime\runtime.js:296:22)
      at Generator.prototype.<computed> [as next] (D:\A-wangxh\H5-1816随堂练习\第三阶段\node+koa\vue-cli-plugin-generate\node_modules\_regenerator-runtime@0.11.1@regenerator-runtime\runtime.js:114:21)
      at step (D:\A-wangxh\H5-1816随堂练习\第三阶段\node+koa\vue-cli-plugin-generate\node_modules\_babel-runtime@6.26.0@babel-runtime\helpers\asyncToGenerator.js:17:30)
      at D:\A-wangxh\H5-1816随堂练习\第三阶段\node+koa\vue-cli-plugin-generate\node_modules\_babel-runtime@6.26.0@babel-runtime\helpers\asyncToGenerator.js:35:14
      at new Promise (<anonymous>)
      at new F (D:\A-wangxh\H5-1816随堂练习\第三阶段\node+koa\vue-cli-plugin-generate\node_modules\_core-js@2.6.12@core-js\library\modules\_export.js:36:28),
  isOperational: true
}
[2021-04-16T10:03:55.926] [ERROR] application - Template render error: (D:\A-wangxh\H5-1816随堂练习\第三阶段\node+koa\vue-cli-plugin-generate\views\index.html)
  Template render error: (D:\A-wangxh\H5-1816随堂练习\第三阶段\node+koa\vue-cli-plugin-generate\views\common\template.html)
  unexpected end of file
    at Object._prettifyError (D:\A-wangxh\H5-1816随堂练习\第三阶段\node+koa\vue-cli-plugin-generate\node_modules\_nunjucks@3.2.3@nunjucks\src\lib.js:36:11)
    at D:\A-wangxh\H5-1816随堂练习\第三阶段\node+koa\vue-cli-plugin-generate\node_modules\_nunjucks@3.2.3@nunjucks\src\environment.js:563:19
    at Template.root [as rootRenderFunc] (eval at _compile (D:\A-wangxh\H5-1816随堂练习\第三阶段\node+koa\vue-cli-plugin-generate\node_modules\_nunjucks@3.2.3@nunjucks\src\environment.js:633:18), <anonymous>:26:3)
    at Template.render (D:\A-wangxh\H5-1816随堂练习\第三阶段\node+koa\vue-cli-plugin-generate\node_modules\_nunjucks@3.2.3@nunjucks\src\environment.js:552:10)
    at D:\A-wangxh\H5-1816随堂练习\第三阶段\node+koa\vue-cli-plugin-generate\node_modules\_nunjucks@3.2.3@nunjucks\src\environment.js:366:27
    at createTemplate (D:\A-wangxh\H5-1816随堂练习\第三阶段\node+koa\vue-cli-plugin-generate\node_modules\_nunjucks@3.2.3@nunjucks\src\environment.js:315:9)
    at handle (D:\A-wangxh\H5-1816随堂练习\第三阶段\node+koa\vue-cli-plugin-generate\node_modules\_nunjucks@3.2.3@nunjucks\src\environment.js:327:11)
    at D:\A-wangxh\H5-1816随堂练习\第三阶段\node+koa\vue-cli-plugin-generate\node_modules\_nunjucks@3.2.3@nunjucks\src\environment.js:339:9
    at next (D:\A-wangxh\H5-1816随堂练习\第三阶段\node+koa\vue-cli-plugin-generate\node_modules\_nunjucks@3.2.3@nunjucks\src\lib.js:328:7)
    at Object.asyncIter (D:\A-wangxh\H5-1816随堂练习\第三阶段\node+koa\vue-cli-plugin-generate\node_modules\_nunjucks@3.2.3@nunjucks\src\lib.js:334:3)
    at Environment.getTemplate (D:\A-wangxh\H5-1816随堂练习\第三阶段\node+koa\vue-cli-plugin-generate\node_modules\_nunjucks@3.2.3@nunjucks\src\environment.js:321:9)
    at Environment.render (D:\A-wangxh\H5-1816随堂练习\第三阶段\node+koa\vue-cli-plugin-generate\node_modules\_nunjucks@3.2.3@nunjucks\src\environment.js:360:10)
    at Environment.tryCatcher (D:\A-wangxh\H5-1816随堂练习\第三阶段\node+koa\vue-cli-plugin-generate\node_modules\_bluebird@3.7.2@bluebird\js\release\util.js:16:23)
    at Environment.ret [as renderAsync] (eval at makeNodePromisifiedEval (D:\A-wangxh\H5-1816随堂练习\第三阶段\node+koa\vue-cli-plugin-generate\node_modules\_bluebird@3.7.2@bluebird\js\release\promisify.js:184:12), <anonymous>:13:39)
    at _callee$ (D:\A-wangxh\H5-1816随堂练习\第三阶段\node+koa\vue-cli-plugin-generate\node_modules\_koa-nunjucks-2@3.0.2@koa-nunjucks-2\compiled.js:109:64)
    at tryCatch (D:\A-wangxh\H5-1816随堂练习\第三阶段\node+koa\vue-cli-plugin-generate\node_modules\_regenerator-runtime@0.11.1@regenerator-runtime\runtime.js:62:40)
    at Generator.invoke [as _invoke] (D:\A-wangxh\H5-1816随堂练习\第三阶段\node+koa\vue-cli-plugin-generate\node_modules\_regenerator-runtime@0.11.1@regenerator-runtime\runtime.js:296:22)
    at Generator.prototype.<computed> [as next] (D:\A-wangxh\H5-1816随堂练习\第三阶段\node+koa\vue-cli-plugin-generate\node_modules\_regenerator-runtime@0.11.1@regenerator-runtime\runtime.js:114:21)
    at step (D:\A-wangxh\H5-1816随堂练习\第三阶段\node+koa\vue-cli-plugin-generate\node_modules\_babel-runtime@6.26.0@babel-runtime\helpers\asyncToGenerator.js:17:30)
    at D:\A-wangxh\H5-1816随堂练习\第三阶段\node+koa\vue-cli-plugin-generate\node_modules\_babel-runtime@6.26.0@babel-runtime\helpers\asyncToGenerator.js:35:14
    at new Promise (<anonymous>)
    at new F (D:\A-wangxh\H5-1816随堂练习\第三阶段\node+koa\vue-cli-plugin-generate\node_modules\_core-js@2.6.12@core-js\library\modules\_export.js:36:28) {
  cause: Template render error: (D:\A-wangxh\H5-1816随堂练习\第三阶段\node+koa\vue-cli-plugin-generate\views\index.html)
    Template render error: (D:\A-wangxh\H5-1816随堂练习\第三阶段\node+koa\vue-cli-plugin-generate\views\common\template.html)
    unexpected end of file
      at Object._prettifyError (D:\A-wangxh\H5-1816随堂练习\第三阶段\node+koa\vue-cli-plugin-generate\node_modules\_nunjucks@3.2.3@nunjucks\src\lib.js:36:11)
      at D:\A-wangxh\H5-1816随堂练习\第三阶段\node+koa\vue-cli-plugin-generate\node_modules\_nunjucks@3.2.3@nunjucks\src\environment.js:563:19
      at Template.root [as rootRenderFunc] (eval at _compile (D:\A-wangxh\H5-1816随堂练习\第三阶段\node+koa\vue-cli-plugin-generate\node_modules\_nunjucks@3.2.3@nunjucks\src\environment.js:633:18), <anonymous>:26:3)
      at Template.render (D:\A-wangxh\H5-1816随堂练习\第三阶段\node+koa\vue-cli-plugin-generate\node_modules\_nunjucks@3.2.3@nunjucks\src\environment.js:552:10)
      at D:\A-wangxh\H5-1816随堂练习\第三阶段\node+koa\vue-cli-plugin-generate\node_modules\_nunjucks@3.2.3@nunjucks\src\environment.js:366:27
      at createTemplate (D:\A-wangxh\H5-1816随堂练习\第三阶段\node+koa\vue-cli-plugin-generate\node_modules\_nunjucks@3.2.3@nunjucks\src\environment.js:315:9)
      at handle (D:\A-wangxh\H5-1816随堂练习\第三阶段\node+koa\vue-cli-plugin-generate\node_modules\_nunjucks@3.2.3@nunjucks\src\environment.js:327:11)
      at D:\A-wangxh\H5-1816随堂练习\第三阶段\node+koa\vue-cli-plugin-generate\node_modules\_nunjucks@3.2.3@nunjucks\src\environment.js:339:9
      at next (D:\A-wangxh\H5-1816随堂练习\第三阶段\node+koa\vue-cli-plugin-generate\node_modules\_nunjucks@3.2.3@nunjucks\src\lib.js:328:7)
      at Object.asyncIter (D:\A-wangxh\H5-1816随堂练习\第三阶段\node+koa\vue-cli-plugin-generate\node_modules\_nunjucks@3.2.3@nunjucks\src\lib.js:334:3)
      at Environment.getTemplate (D:\A-wangxh\H5-1816随堂练习\第三阶段\node+koa\vue-cli-plugin-generate\node_modules\_nunjucks@3.2.3@nunjucks\src\environment.js:321:9)
      at Environment.render (D:\A-wangxh\H5-1816随堂练习\第三阶段\node+koa\vue-cli-plugin-generate\node_modules\_nunjucks@3.2.3@nunjucks\src\environment.js:360:10)
      at Environment.tryCatcher (D:\A-wangxh\H5-1816随堂练习\第三阶段\node+koa\vue-cli-plugin-generate\node_modules\_bluebird@3.7.2@bluebird\js\release\util.js:16:23)
      at Environment.ret [as renderAsync] (eval at makeNodePromisifiedEval (D:\A-wangxh\H5-1816随堂练习\第三阶段\node+koa\vue-cli-plugin-generate\node_modules\_bluebird@3.7.2@bluebird\js\release\promisify.js:184:12), <anonymous>:13:39)
      at _callee$ (D:\A-wangxh\H5-1816随堂练习\第三阶段\node+koa\vue-cli-plugin-generate\node_modules\_koa-nunjucks-2@3.0.2@koa-nunjucks-2\compiled.js:109:64)
      at tryCatch (D:\A-wangxh\H5-1816随堂练习\第三阶段\node+koa\vue-cli-plugin-generate\node_modules\_regenerator-runtime@0.11.1@regenerator-runtime\runtime.js:62:40)
      at Generator.invoke [as _invoke] (D:\A-wangxh\H5-1816随堂练习\第三阶段\node+koa\vue-cli-plugin-generate\node_modules\_regenerator-runtime@0.11.1@regenerator-runtime\runtime.js:296:22)
      at Generator.prototype.<computed> [as next] (D:\A-wangxh\H5-1816随堂练习\第三阶段\node+koa\vue-cli-plugin-generate\node_modules\_regenerator-runtime@0.11.1@regenerator-runtime\runtime.js:114:21)
      at step (D:\A-wangxh\H5-1816随堂练习\第三阶段\node+koa\vue-cli-plugin-generate\node_modules\_babel-runtime@6.26.0@babel-runtime\helpers\asyncToGenerator.js:17:30)
      at D:\A-wangxh\H5-1816随堂练习\第三阶段\node+koa\vue-cli-plugin-generate\node_modules\_babel-runtime@6.26.0@babel-runtime\helpers\asyncToGenerator.js:35:14
      at new Promise (<anonymous>)
      at new F (D:\A-wangxh\H5-1816随堂练习\第三阶段\node+koa\vue-cli-plugin-generate\node_modules\_core-js@2.6.12@core-js\library\modules\_export.js:36:28),
  isOperational: true
}
